Added Component: Designator=C1(CAP_0603)
Add component. Clean all parameters for all variants
Add component (AddParameter): Name = "Value"; Value = "104"; VariantName = "[No Variations]"
Added Component: Designator=C2(CAP_0603)
Add component. Clean all parameters for all variants
Add component (AddParameter): Name = "Value"; Value = "104"; VariantName = "[No Variations]"
Added Component: Designator=C3(CAP_0603)
Add component. Clean all parameters for all variants
Add component (AddParameter): Name = "Value"; Value = "104"; VariantName = "[No Variations]"
Added Component: Designator=C4(CAP_0603)
Add component. Clean all parameters for all variants
Add component (AddParameter): Name = "Value"; Value = "100nf"; VariantName = "[No Variations]"
Added Component: Designator=C5(CAP_0603)
Add component. Clean all parameters for all variants
Add component (AddParameter): Name = "Value"; Value = "104"; VariantName = "[No Variations]"
Added Component: Designator=C6(CAP_0603)
Add component. Clean all parameters for all variants
Add component (AddParameter): Name = "Value"; Value = "100nf"; VariantName = "[No Variations]"
Added Component: Designator=C7(CAP_0603)
Add component. Clean all parameters for all variants
Add component (AddParameter): Name = "Value"; Value = "?F"; VariantName = "[No Variations]"
Added Component: Designator=C8(CAP_0603)
Add component. Clean all parameters for all variants
Add component (AddParameter): Name = "Value"; Value = "?F"; VariantName = "[No Variations]"
Added Component: Designator=C9(CAP_0805)
Add component. Clean all parameters for all variants
Add component (AddParameter): Name = "Value"; Value = "22uf"; VariantName = "[No Variations]"
Added Component: Designator=C10(CAP_0603)
Add component. Clean all parameters for all variants
Add component (AddParameter): Name = "Value"; Value = "3300pf"; VariantName = "[No Variations]"
Added Component: Designator=C11(CAP_0603)
Add component. Clean all parameters for all variants
Add component (AddParameter): Name = "Value"; Value = "100nf"; VariantName = "[No Variations]"
Added Component: Designator=C12(CAP_0603)
Add component. Clean all parameters for all variants
Add component (AddParameter): Name = "Value"; Value = "100nf"; VariantName = "[No Variations]"
Added Component: Designator=C13(CAP_0603)
Add component. Clean all parameters for all variants
Add component (AddParameter): Name = "Value"; Value = "470nf"; VariantName = "[No Variations]"
Added Component: Designator=C14(CAP_0603)
Add component. Clean all parameters for all variants
Add component (AddParameter): Name = "Value"; Value = "100nf"; VariantName = "[No Variations]"
Added Component: Designator=C15(CAP_0603)
Add component. Clean all parameters for all variants
Add component (AddParameter): Name = "Value"; Value = "100nf"; VariantName = "[No Variations]"
Added Component: Designator=C16(CAP_0805)
Add component. Clean all parameters for all variants
Add component (AddParameter): Name = "Value"; Value = "22uf"; VariantName = "[No Variations]"
Added Component: Designator=C17(CAP_0603)
Add component. Clean all parameters for all variants
Add component (AddParameter): Name = "Value"; Value = "100nf"; VariantName = "[No Variations]"
Added Component: Designator=C18_U_servo1(CAP_0603)
Add component. Clean all parameters for all variants
Add component (AddParameter): Name = "Value"; Value = "104"; VariantName = "[No Variations]"
Added Component: Designator=C18_U_servo2(CAP_0603)
Add component. Clean all parameters for all variants
Add component (AddParameter): Name = "Value"; Value = "104"; VariantName = "[No Variations]"
Added Component: Designator=C18_U_servo3(CAP_0603)
Add component. Clean all parameters for all variants
Add component (AddParameter): Name = "Value"; Value = "104"; VariantName = "[No Variations]"
Added Component: Designator=C19_U_servo1(CAP_0603)
Add component. Clean all parameters for all variants
Add component (AddParameter): Name = "Value"; Value = "104"; VariantName = "[No Variations]"
Added Component: Designator=C19_U_servo2(CAP_0603)
Add component. Clean all parameters for all variants
Add component (AddParameter): Name = "Value"; Value = "104"; VariantName = "[No Variations]"
Added Component: Designator=C19_U_servo3(CAP_0603)
Add component. Clean all parameters for all variants
Add component (AddParameter): Name = "Value"; Value = "104"; VariantName = "[No Variations]"
Added Component: Designator=C20_U_servo1(CAP_0603)
Add component. Clean all parameters for all variants
Add component (AddParameter): Name = "Value"; Value = "104"; VariantName = "[No Variations]"
Added Component: Designator=C20_U_servo2(CAP_0603)
Add component. Clean all parameters for all variants
Add component (AddParameter): Name = "Value"; Value = "104"; VariantName = "[No Variations]"
Added Component: Designator=C20_U_servo3(CAP_0603)
Add component. Clean all parameters for all variants
Add component (AddParameter): Name = "Value"; Value = "104"; VariantName = "[No Variations]"
Added Component: Designator=C21_U_servo1(CAP_0603)
Add component. Clean all parameters for all variants
Add component (AddParameter): Name = "Value"; Value = "104"; VariantName = "[No Variations]"
Added Component: Designator=C21_U_servo2(CAP_0603)
Add component. Clean all parameters for all variants
Add component (AddParameter): Name = "Value"; Value = "104"; VariantName = "[No Variations]"
Added Component: Designator=C21_U_servo3(CAP_0603)
Add component. Clean all parameters for all variants
Add component (AddParameter): Name = "Value"; Value = "104"; VariantName = "[No Variations]"
Added Component: Designator=C22_U_servo1(CAP ALUM 6.6MM)
Add component. Clean all parameters for all variants
Add component (AddParameter): Name = "Value"; Value = "47uF"; VariantName = "[No Variations]"
Added Component: Designator=C22_U_servo2(CAP ALUM 6.6MM)
Add component. Clean all parameters for all variants
Add component (AddParameter): Name = "Value"; Value = "47uF"; VariantName = "[No Variations]"
Added Component: Designator=C22_U_servo3(CAP ALUM 6.6MM)
Add component. Clean all parameters for all variants
Add component (AddParameter): Name = "Value"; Value = "47uF"; VariantName = "[No Variations]"
Added Component: Designator=C23_U_servo1(CAP ALUM 6.6MM)
Add component. Clean all parameters for all variants
Add component (AddParameter): Name = "Value"; Value = "47uF"; VariantName = "[No Variations]"
Added Component: Designator=C23_U_servo2(CAP ALUM 6.6MM)
Add component. Clean all parameters for all variants
Add component (AddParameter): Name = "Value"; Value = "47uF"; VariantName = "[No Variations]"
Added Component: Designator=C23_U_servo3(CAP ALUM 6.6MM)
Add component. Clean all parameters for all variants
Add component (AddParameter): Name = "Value"; Value = "47uF"; VariantName = "[No Variations]"
Added Component: Designator=C24_U_servo1(CAP_0603)
Add component. Clean all parameters for all variants
Add component (AddParameter): Name = "Value"; Value = "104"; VariantName = "[No Variations]"
Added Component: Designator=C24_U_servo2(CAP_0603)
Add component. Clean all parameters for all variants
Add component (AddParameter): Name = "Value"; Value = "104"; VariantName = "[No Variations]"
Added Component: Designator=C24_U_servo3(CAP_0603)
Add component. Clean all parameters for all variants
Add component (AddParameter): Name = "Value"; Value = "104"; VariantName = "[No Variations]"
Added Component: Designator=C25_U_servo1(CAP_0603)
Add component. Clean all parameters for all variants
Add component (AddParameter): Name = "Value"; Value = "104"; VariantName = "[No Variations]"
Added Component: Designator=C25_U_servo2(CAP_0603)
Add component. Clean all parameters for all variants
Add component (AddParameter): Name = "Value"; Value = "104"; VariantName = "[No Variations]"
Added Component: Designator=C25_U_servo3(CAP_0603)
Add component. Clean all parameters for all variants
Add component (AddParameter): Name = "Value"; Value = "104"; VariantName = "[No Variations]"
Added Component: Designator=C26_U_servo1(CAP_0603)
Add component. Clean all parameters for all variants
Add component (AddParameter): Name = "Value"; Value = "104"; VariantName = "[No Variations]"
Added Component: Designator=C26_U_servo2(CAP_0603)
Add component. Clean all parameters for all variants
Add component (AddParameter): Name = "Value"; Value = "104"; VariantName = "[No Variations]"
Added Component: Designator=C26_U_servo3(CAP_0603)
Add component. Clean all parameters for all variants
Add component (AddParameter): Name = "Value"; Value = "104"; VariantName = "[No Variations]"
Added Component: Designator=C27(CAP_0603)
Add component. Clean all parameters for all variants
Add component (AddParameter): Name = "Value"; Value = "104"; VariantName = "[No Variations]"
Added Component: Designator=C28(CAP_0603)
Add component. Clean all parameters for all variants
Add component (AddParameter): Name = "Value"; Value = "104"; VariantName = "[No Variations]"
Added Component: Designator=C29(CAP_0603)
Add component. Clean all parameters for all variants
Add component (AddParameter): Name = "Value"; Value = "104"; VariantName = "[No Variations]"
Added Component: Designator=C30(CAP_0603)
Add component. Clean all parameters for all variants
Add component (AddParameter): Name = "Value"; Value = "104"; VariantName = "[No Variations]"
Added Component: Designator=C31(CAP_0603)
Add component. Clean all parameters for all variants
Add component (AddParameter): Name = "Value"; Value = "104"; VariantName = "[No Variations]"
Added Component: Designator=C32(CAP_0603)
Add component. Clean all parameters for all variants
Add component (AddParameter): Name = "Value"; Value = "104"; VariantName = "[No Variations]"
Added Component: Designator=C33(CAP_0603)
Add component. Clean all parameters for all variants
Add component (AddParameter): Name = "Value"; Value = "100nf"; VariantName = "[No Variations]"
Added Component: Designator=C34(CAP_0603)
Add component. Clean all parameters for all variants
Add component (AddParameter): Name = "Value"; Value = "100nf"; VariantName = "[No Variations]"
Added Component: Designator=C35(CAP_0603)
Add component. Clean all parameters for all variants
Add component (AddParameter): Name = "Value"; Value = "100nf"; VariantName = "[No Variations]"
Added Component: Designator=C36(CAP_0603)
Add component. Clean all parameters for all variants
Add component (AddParameter): Name = "Value"; Value = "100nf"; VariantName = "[No Variations]"
Added Component: Designator=C37(CAP_0603)
Add component. Clean all parameters for all variants
Add component (AddParameter): Name = "Value"; Value = "104"; VariantName = "[No Variations]"
Added Component: Designator=D1_U_external_ps_en1(SOD123F)
Add component. Clean all parameters for all variants
Added Component: Designator=D1_U_external_ps_en2(SOD123F)
Add component. Clean all parameters for all variants
Added Component: Designator=D2(SOD123F)
Add component. Clean all parameters for all variants
Added Component: Designator=D3(SOD123F)
Add component. Clean all parameters for all variants
Added Component: Designator=D4_U_relay1(SOD123F)
Add component. Clean all parameters for all variants
Add component (AddParameter): Name = "Value"; Value = "1N?"; VariantName = "[No Variations]"
Added Component: Designator=D4_U_relay2(SOD123F)
Add component. Clean all parameters for all variants
Add component (AddParameter): Name = "Value"; Value = "1N?"; VariantName = "[No Variations]"
Added Component: Designator=D4_U_relay3(SOD123F)
Add component. Clean all parameters for all variants
Add component (AddParameter): Name = "Value"; Value = "1N?"; VariantName = "[No Variations]"
Added Component: Designator=D4_U_relay4(SOD123F)
Add component. Clean all parameters for all variants
Add component (AddParameter): Name = "Value"; Value = "1N?"; VariantName = "[No Variations]"
Added Component: Designator=D4_U_relay5(SOD123F)
Add component. Clean all parameters for all variants
Add component (AddParameter): Name = "Value"; Value = "1N?"; VariantName = "[No Variations]"
Added Component: Designator=D4_U_relay6(SOD123F)
Add component. Clean all parameters for all variants
Add component (AddParameter): Name = "Value"; Value = "1N?"; VariantName = "[No Variations]"
Added Component: Designator=D4_U_relay7(SOD123F)
Add component. Clean all parameters for all variants
Add component (AddParameter): Name = "Value"; Value = "1N?"; VariantName = "[No Variations]"
Added Component: Designator=D5(SOD123F)
Add component. Clean all parameters for all variants
Add component (AddParameter): Name = "url"; Value = "http://www.digikey.com/product-detail/en/nxp-usa-inc/PMEG2010AEB,115/568-6502-1-ND/2531789"; VariantName = "[No Variations]"
Add component (AddParameter): Name = "Value"; Value = "Schottky 20v 200ma"; VariantName = "[No Variations]"
Added Component: Designator=D6(SOD123F)
Add component. Clean all parameters for all variants
Add component (AddParameter): Name = "Value"; Value = "1N?"; VariantName = "[No Variations]"
Added Component: Designator=F1(PIN-W2/E2.8)
Add component. Clean all parameters for all variants
Add component (AddParameter): Name = "LatestRevisionDate"; Value = "17-Jul-2002"; VariantName = "[No Variations]"
Add component (AddParameter): Name = "LatestRevisionNote"; Value = "Re-released for DXP Platform."; VariantName = "[No Variations]"
Add component (AddParameter): Name = "PackageDescription"; Value = "Thru-Hole; 2 Leads"; VariantName = "[No Variations]"
Add component (AddParameter): Name = "PackageReference"; Value = "PIN-W2/E2.8"; VariantName = "[No Variations]"
Add component (AddParameter): Name = "Published"; Value = "8-Jun-2000"; VariantName = "[No Variations]"
Add component (AddParameter): Name = "Publisher"; Value = "Altium Limited"; VariantName = "[No Variations]"
Added Component: Designator=J1(691321100003)
Add component. Clean all parameters for all variants
Add component (AddParameter): Name = "ComponentLink1 Description"; Value = "Manufacturer"; VariantName = "[No Variations]"
Add component (AddParameter): Name = "ComponentLink1URL"; Value = "http://www.we-online.com"; VariantName = "[No Variations]"
Add component (AddParameter): Name = "ComponentLink2 Description"; Value = "Datasheet"; VariantName = "[No Variations]"
Add component (AddParameter): Name = "ComponentLink2URL"; Value = "http://katalog.we-online.de/em/datasheet/6913211000xx.pdf"; VariantName = "[No Variations]"
Add component (AddParameter): Name = "Created by"; Value = "Karrer Zheng"; VariantName = "[No Variations]"
Add component (AddParameter): Name = "Created Date"; Value = "9 December 2013"; VariantName = "[No Variations]"
Add component (AddParameter): Name = "Manufacturer"; Value = "Würth Elektronik eiSos GmbH"; VariantName = "[No Variations]"
Add component (AddParameter): Name = "NoPins"; Value = "3"; VariantName = "[No Variations]"
Add component (AddParameter): Name = "partNo"; Value = "691321100003"; VariantName = "[No Variations]"
Added Component: Designator=J2_U_external_ps_en1(691321100002)
Add component. Clean all parameters for all variants
Add component (AddParameter): Name = "ComponentLink1 Description"; Value = "Manufacturer"; VariantName = "[No Variations]"
Add component (AddParameter): Name = "ComponentLink1URL"; Value = "http://www.we-online.com"; VariantName = "[No Variations]"
Add component (AddParameter): Name = "ComponentLink2 Description"; Value = "Datasheet"; VariantName = "[No Variations]"
Add component (AddParameter): Name = "ComponentLink2URL"; Value = "http://katalog.we-online.de/em/datasheet/6913211000xx.pdf"; VariantName = "[No Variations]"
Add component (AddParameter): Name = "Created by"; Value = "Karrer Zheng"; VariantName = "[No Variations]"
Add component (AddParameter): Name = "Created Date"; Value = "9 December 2013"; VariantName = "[No Variations]"
Add component (AddParameter): Name = "Manufacturer"; Value = "Würth Elektronik eiSos GmbH"; VariantName = "[No Variations]"
Add component (AddParameter): Name = "NoPins"; Value = "2"; VariantName = "[No Variations]"
Add component (AddParameter): Name = "partNo"; Value = "691321100002"; VariantName = "[No Variations]"
Added Component: Designator=J2_U_external_ps_en2(691321100002)
Add component. Clean all parameters for all variants
Add component (AddParameter): Name = "ComponentLink1 Description"; Value = "Manufacturer"; VariantName = "[No Variations]"
Add component (AddParameter): Name = "ComponentLink1URL"; Value = "http://www.we-online.com"; VariantName = "[No Variations]"
Add component (AddParameter): Name = "ComponentLink2 Description"; Value = "Datasheet"; VariantName = "[No Variations]"
Add component (AddParameter): Name = "ComponentLink2URL"; Value = "http://katalog.we-online.de/em/datasheet/6913211000xx.pdf"; VariantName = "[No Variations]"
Add component (AddParameter): Name = "Created by"; Value = "Karrer Zheng"; VariantName = "[No Variations]"
Add component (AddParameter): Name = "Created Date"; Value = "9 December 2013"; VariantName = "[No Variations]"
Add component (AddParameter): Name = "Manufacturer"; Value = "Würth Elektronik eiSos GmbH"; VariantName = "[No Variations]"
Add component (AddParameter): Name = "NoPins"; Value = "2"; VariantName = "[No Variations]"
Add component (AddParameter): Name = "partNo"; Value = "691321100002"; VariantName = "[No Variations]"
Added Component: Designator=J3(691321100002)
Add component. Clean all parameters for all variants
Add component (AddParameter): Name = "ComponentLink1 Description"; Value = "Manufacturer"; VariantName = "[No Variations]"
Add component (AddParameter): Name = "ComponentLink1URL"; Value = "http://www.we-online.com"; VariantName = "[No Variations]"
Add component (AddParameter): Name = "ComponentLink2 Description"; Value = "Datasheet"; VariantName = "[No Variations]"
Add component (AddParameter): Name = "ComponentLink2URL"; Value = "http://katalog.we-online.de/em/datasheet/6913211000xx.pdf"; VariantName = "[No Variations]"
Add component (AddParameter): Name = "Created by"; Value = "Karrer Zheng"; VariantName = "[No Variations]"
Add component (AddParameter): Name = "Created Date"; Value = "9 December 2013"; VariantName = "[No Variations]"
Add component (AddParameter): Name = "Manufacturer"; Value = "Würth Elektronik eiSos GmbH"; VariantName = "[No Variations]"
Add component (AddParameter): Name = "NoPins"; Value = "2"; VariantName = "[No Variations]"
Add component (AddParameter): Name = "partNo"; Value = "691321100002"; VariantName = "[No Variations]"
Added Component: Designator=J4(691321100002)
Add component. Clean all parameters for all variants
Add component (AddParameter): Name = "ComponentLink1 Description"; Value = "Manufacturer"; VariantName = "[No Variations]"
Add component (AddParameter): Name = "ComponentLink1URL"; Value = "http://www.we-online.com"; VariantName = "[No Variations]"
Add component (AddParameter): Name = "ComponentLink2 Description"; Value = "Datasheet"; VariantName = "[No Variations]"
Add component (AddParameter): Name = "ComponentLink2URL"; Value = "http://katalog.we-online.de/em/datasheet/6913211000xx.pdf"; VariantName = "[No Variations]"
Add component (AddParameter): Name = "Created by"; Value = "Karrer Zheng"; VariantName = "[No Variations]"
Add component (AddParameter): Name = "Created Date"; Value = "9 December 2013"; VariantName = "[No Variations]"
Add component (AddParameter): Name = "Manufacturer"; Value = "Würth Elektronik eiSos GmbH"; VariantName = "[No Variations]"
Add component (AddParameter): Name = "NoPins"; Value = "2"; VariantName = "[No Variations]"
Add component (AddParameter): Name = "partNo"; Value = "691321100002"; VariantName = "[No Variations]"
Added Component: Designator=J5(691321100002)
Add component. Clean all parameters for all variants
Add component (AddParameter): Name = "ComponentLink1 Description"; Value = "Manufacturer"; VariantName = "[No Variations]"
Add component (AddParameter): Name = "ComponentLink1URL"; Value = "http://www.we-online.com"; VariantName = "[No Variations]"
Add component (AddParameter): Name = "ComponentLink2 Description"; Value = "Datasheet"; VariantName = "[No Variations]"
Add component (AddParameter): Name = "ComponentLink2URL"; Value = "http://katalog.we-online.de/em/datasheet/6913211000xx.pdf"; VariantName = "[No Variations]"
Add component (AddParameter): Name = "Created by"; Value = "Karrer Zheng"; VariantName = "[No Variations]"
Add component (AddParameter): Name = "Created Date"; Value = "9 December 2013"; VariantName = "[No Variations]"
Add component (AddParameter): Name = "Manufacturer"; Value = "Würth Elektronik eiSos GmbH"; VariantName = "[No Variations]"
Add component (AddParameter): Name = "NoPins"; Value = "2"; VariantName = "[No Variations]"
Add component (AddParameter): Name = "partNo"; Value = "691321100002"; VariantName = "[No Variations]"
Added Component: Designator=J6_U_relay1(691321100002)
Add component. Clean all parameters for all variants
Add component (AddParameter): Name = "ComponentLink1 Description"; Value = "Manufacturer"; VariantName = "[No Variations]"
Add component (AddParameter): Name = "ComponentLink1URL"; Value = "http://www.we-online.com"; VariantName = "[No Variations]"
Add component (AddParameter): Name = "ComponentLink2 Description"; Value = "Datasheet"; VariantName = "[No Variations]"
Add component (AddParameter): Name = "ComponentLink2URL"; Value = "http://katalog.we-online.de/em/datasheet/6913211000xx.pdf"; VariantName = "[No Variations]"
Add component (AddParameter): Name = "Created by"; Value = "Karrer Zheng"; VariantName = "[No Variations]"
Add component (AddParameter): Name = "Created Date"; Value = "9 December 2013"; VariantName = "[No Variations]"
Add component (AddParameter): Name = "Manufacturer"; Value = "Würth Elektronik eiSos GmbH"; VariantName = "[No Variations]"
Add component (AddParameter): Name = "NoPins"; Value = "2"; VariantName = "[No Variations]"
Add component (AddParameter): Name = "partNo"; Value = "691321100002"; VariantName = "[No Variations]"
Added Component: Designator=J6_U_relay2(691321100002)
Add component. Clean all parameters for all variants
Add component (AddParameter): Name = "ComponentLink1 Description"; Value = "Manufacturer"; VariantName = "[No Variations]"
Add component (AddParameter): Name = "ComponentLink1URL"; Value = "http://www.we-online.com"; VariantName = "[No Variations]"
Add component (AddParameter): Name = "ComponentLink2 Description"; Value = "Datasheet"; VariantName = "[No Variations]"
Add component (AddParameter): Name = "ComponentLink2URL"; Value = "http://katalog.we-online.de/em/datasheet/6913211000xx.pdf"; VariantName = "[No Variations]"
Add component (AddParameter): Name = "Created by"; Value = "Karrer Zheng"; VariantName = "[No Variations]"
Add component (AddParameter): Name = "Created Date"; Value = "9 December 2013"; VariantName = "[No Variations]"
Add component (AddParameter): Name = "Manufacturer"; Value = "Würth Elektronik eiSos GmbH"; VariantName = "[No Variations]"
Add component (AddParameter): Name = "NoPins"; Value = "2"; VariantName = "[No Variations]"
Add component (AddParameter): Name = "partNo"; Value = "691321100002"; VariantName = "[No Variations]"
Added Component: Designator=J6_U_relay3(691321100002)
Add component. Clean all parameters for all variants
Add component (AddParameter): Name = "ComponentLink1 Description"; Value = "Manufacturer"; VariantName = "[No Variations]"
Add component (AddParameter): Name = "ComponentLink1URL"; Value = "http://www.we-online.com"; VariantName = "[No Variations]"
Add component (AddParameter): Name = "ComponentLink2 Description"; Value = "Datasheet"; VariantName = "[No Variations]"
Add component (AddParameter): Name = "ComponentLink2URL"; Value = "http://katalog.we-online.de/em/datasheet/6913211000xx.pdf"; VariantName = "[No Variations]"
Add component (AddParameter): Name = "Created by"; Value = "Karrer Zheng"; VariantName = "[No Variations]"
Add component (AddParameter): Name = "Created Date"; Value = "9 December 2013"; VariantName = "[No Variations]"
Add component (AddParameter): Name = "Manufacturer"; Value = "Würth Elektronik eiSos GmbH"; VariantName = "[No Variations]"
Add component (AddParameter): Name = "NoPins"; Value = "2"; VariantName = "[No Variations]"
Add component (AddParameter): Name = "partNo"; Value = "691321100002"; VariantName = "[No Variations]"
Added Component: Designator=J6_U_relay4(691321100002)
Add component. Clean all parameters for all variants
Add component (AddParameter): Name = "ComponentLink1 Description"; Value = "Manufacturer"; VariantName = "[No Variations]"
Add component (AddParameter): Name = "ComponentLink1URL"; Value = "http://www.we-online.com"; VariantName = "[No Variations]"
Add component (AddParameter): Name = "ComponentLink2 Description"; Value = "Datasheet"; VariantName = "[No Variations]"
Add component (AddParameter): Name = "ComponentLink2URL"; Value = "http://katalog.we-online.de/em/datasheet/6913211000xx.pdf"; VariantName = "[No Variations]"
Add component (AddParameter): Name = "Created by"; Value = "Karrer Zheng"; VariantName = "[No Variations]"
Add component (AddParameter): Name = "Created Date"; Value = "9 December 2013"; VariantName = "[No Variations]"
Add component (AddParameter): Name = "Manufacturer"; Value = "Würth Elektronik eiSos GmbH"; VariantName = "[No Variations]"
Add component (AddParameter): Name = "NoPins"; Value = "2"; VariantName = "[No Variations]"
Add component (AddParameter): Name = "partNo"; Value = "691321100002"; VariantName = "[No Variations]"
Added Component: Designator=J6_U_relay5(691321100002)
Add component. Clean all parameters for all variants
Add component (AddParameter): Name = "ComponentLink1 Description"; Value = "Manufacturer"; VariantName = "[No Variations]"
Add component (AddParameter): Name = "ComponentLink1URL"; Value = "http://www.we-online.com"; VariantName = "[No Variations]"
Add component (AddParameter): Name = "ComponentLink2 Description"; Value = "Datasheet"; VariantName = "[No Variations]"
Add component (AddParameter): Name = "ComponentLink2URL"; Value = "http://katalog.we-online.de/em/datasheet/6913211000xx.pdf"; VariantName = "[No Variations]"
Add component (AddParameter): Name = "Created by"; Value = "Karrer Zheng"; VariantName = "[No Variations]"
Add component (AddParameter): Name = "Created Date"; Value = "9 December 2013"; VariantName = "[No Variations]"
Add component (AddParameter): Name = "Manufacturer"; Value = "Würth Elektronik eiSos GmbH"; VariantName = "[No Variations]"
Add component (AddParameter): Name = "NoPins"; Value = "2"; VariantName = "[No Variations]"
Add component (AddParameter): Name = "partNo"; Value = "691321100002"; VariantName = "[No Variations]"
Added Component: Designator=J6_U_relay6(691321100002)
Add component. Clean all parameters for all variants
Add component (AddParameter): Name = "ComponentLink1 Description"; Value = "Manufacturer"; VariantName = "[No Variations]"
Add component (AddParameter): Name = "ComponentLink1URL"; Value = "http://www.we-online.com"; VariantName = "[No Variations]"
Add component (AddParameter): Name = "ComponentLink2 Description"; Value = "Datasheet"; VariantName = "[No Variations]"
Add component (AddParameter): Name = "ComponentLink2URL"; Value = "http://katalog.we-online.de/em/datasheet/6913211000xx.pdf"; VariantName = "[No Variations]"
Add component (AddParameter): Name = "Created by"; Value = "Karrer Zheng"; VariantName = "[No Variations]"
Add component (AddParameter): Name = "Created Date"; Value = "9 December 2013"; VariantName = "[No Variations]"
Add component (AddParameter): Name = "Manufacturer"; Value = "Würth Elektronik eiSos GmbH"; VariantName = "[No Variations]"
Add component (AddParameter): Name = "NoPins"; Value = "2"; VariantName = "[No Variations]"
Add component (AddParameter): Name = "partNo"; Value = "691321100002"; VariantName = "[No Variations]"
Added Component: Designator=J6_U_relay7(691321100002)
Add component. Clean all parameters for all variants
Add component (AddParameter): Name = "ComponentLink1 Description"; Value = "Manufacturer"; VariantName = "[No Variations]"
Add component (AddParameter): Name = "ComponentLink1URL"; Value = "http://www.we-online.com"; VariantName = "[No Variations]"
Add component (AddParameter): Name = "ComponentLink2 Description"; Value = "Datasheet"; VariantName = "[No Variations]"
Add component (AddParameter): Name = "ComponentLink2URL"; Value = "http://katalog.we-online.de/em/datasheet/6913211000xx.pdf"; VariantName = "[No Variations]"
Add component (AddParameter): Name = "Created by"; Value = "Karrer Zheng"; VariantName = "[No Variations]"
Add component (AddParameter): Name = "Created Date"; Value = "9 December 2013"; VariantName = "[No Variations]"
Add component (AddParameter): Name = "Manufacturer"; Value = "Würth Elektronik eiSos GmbH"; VariantName = "[No Variations]"
Add component (AddParameter): Name = "NoPins"; Value = "2"; VariantName = "[No Variations]"
Add component (AddParameter): Name = "partNo"; Value = "691321100002"; VariantName = "[No Variations]"
Added Component: Designator=J7_U_servo1(691321100005)
Add component. Clean all parameters for all variants
Add component (AddParameter): Name = "ComponentLink1 Description"; Value = "Manufacturer"; VariantName = "[No Variations]"
Add component (AddParameter): Name = "ComponentLink1URL"; Value = "http://www.we-online.com"; VariantName = "[No Variations]"
Add component (AddParameter): Name = "ComponentLink2 Description"; Value = "Datasheet"; VariantName = "[No Variations]"
Add component (AddParameter): Name = "ComponentLink2URL"; Value = "http://katalog.we-online.de/em/datasheet/6913211000xx.pdf"; VariantName = "[No Variations]"
Add component (AddParameter): Name = "Created by"; Value = "Karrer Zheng"; VariantName = "[No Variations]"
Add component (AddParameter): Name = "Created Date"; Value = "9 December 2013"; VariantName = "[No Variations]"
Add component (AddParameter): Name = "Manufacturer"; Value = "Würth Elektronik eiSos GmbH"; VariantName = "[No Variations]"
Add component (AddParameter): Name = "NoPins"; Value = "5"; VariantName = "[No Variations]"
Add component (AddParameter): Name = "partNo"; Value = "691321100005"; VariantName = "[No Variations]"
Added Component: Designator=J7_U_servo2(691321100005)
Add component. Clean all parameters for all variants
Add component (AddParameter): Name = "ComponentLink1 Description"; Value = "Manufacturer"; VariantName = "[No Variations]"
Add component (AddParameter): Name = "ComponentLink1URL"; Value = "http://www.we-online.com"; VariantName = "[No Variations]"
Add component (AddParameter): Name = "ComponentLink2 Description"; Value = "Datasheet"; VariantName = "[No Variations]"
Add component (AddParameter): Name = "ComponentLink2URL"; Value = "http://katalog.we-online.de/em/datasheet/6913211000xx.pdf"; VariantName = "[No Variations]"
Add component (AddParameter): Name = "Created by"; Value = "Karrer Zheng"; VariantName = "[No Variations]"
Add component (AddParameter): Name = "Created Date"; Value = "9 December 2013"; VariantName = "[No Variations]"
Add component (AddParameter): Name = "Manufacturer"; Value = "Würth Elektronik eiSos GmbH"; VariantName = "[No Variations]"
Add component (AddParameter): Name = "NoPins"; Value = "5"; VariantName = "[No Variations]"
Add component (AddParameter): Name = "partNo"; Value = "691321100005"; VariantName = "[No Variations]"
Added Component: Designator=J7_U_servo3(691321100005)
Add component. Clean all parameters for all variants
Add component (AddParameter): Name = "ComponentLink1 Description"; Value = "Manufacturer"; VariantName = "[No Variations]"
Add component (AddParameter): Name = "ComponentLink1URL"; Value = "http://www.we-online.com"; VariantName = "[No Variations]"
Add component (AddParameter): Name = "ComponentLink2 Description"; Value = "Datasheet"; VariantName = "[No Variations]"
Add component (AddParameter): Name = "ComponentLink2URL"; Value = "http://katalog.we-online.de/em/datasheet/6913211000xx.pdf"; VariantName = "[No Variations]"
Add component (AddParameter): Name = "Created by"; Value = "Karrer Zheng"; VariantName = "[No Variations]"
Add component (AddParameter): Name = "Created Date"; Value = "9 December 2013"; VariantName = "[No Variations]"
Add component (AddParameter): Name = "Manufacturer"; Value = "Würth Elektronik eiSos GmbH"; VariantName = "[No Variations]"
Add component (AddParameter): Name = "NoPins"; Value = "5"; VariantName = "[No Variations]"
Add component (AddParameter): Name = "partNo"; Value = "691321100005"; VariantName = "[No Variations]"
Added Component: Designator=J8(691321100002)
Add component. Clean all parameters for all variants
Add component (AddParameter): Name = "ComponentLink1 Description"; Value = "Manufacturer"; VariantName = "[No Variations]"
Add component (AddParameter): Name = "ComponentLink1URL"; Value = "http://www.we-online.com"; VariantName = "[No Variations]"
Add component (AddParameter): Name = "ComponentLink2 Description"; Value = "Datasheet"; VariantName = "[No Variations]"
Add component (AddParameter): Name = "ComponentLink2URL"; Value = "http://katalog.we-online.de/em/datasheet/6913211000xx.pdf"; VariantName = "[No Variations]"
Add component (AddParameter): Name = "Created by"; Value = "Karrer Zheng"; VariantName = "[No Variations]"
Add component (AddParameter): Name = "Created Date"; Value = "9 December 2013"; VariantName = "[No Variations]"
Add component (AddParameter): Name = "Manufacturer"; Value = "Würth Elektronik eiSos GmbH"; VariantName = "[No Variations]"
Add component (AddParameter): Name = "NoPins"; Value = "2"; VariantName = "[No Variations]"
Add component (AddParameter): Name = "partNo"; Value = "691321100002"; VariantName = "[No Variations]"
Added Component: Designator=L1(IND_0603)
Add component. Clean all parameters for all variants
Add component (AddParameter): Name = "Value"; Value = "?H"; VariantName = "[No Variations]"
Added Component: Designator=NT1(Net tie 3)
Add component. Clean all parameters for all variants
Added Component: Designator=P1(Adafruit OLED 1.3)
Add component. Clean all parameters for all variants
Added Component: Designator=Q1(INFINEON SO-8)
Add component. Clean all parameters for all variants
Added Component: Designator=Q2(INFINEON SO-8)
Add component. Clean all parameters for all variants
Added Component: Designator=Q3_U_relay1(INFINEON SOT-23-3)
Add component. Clean all parameters for all variants
Added Component: Designator=Q3_U_relay2(INFINEON SOT-23-3)
Add component. Clean all parameters for all variants
Added Component: Designator=Q3_U_relay3(INFINEON SOT-23-3)
Add component. Clean all parameters for all variants
Added Component: Designator=Q3_U_relay4(INFINEON SOT-23-3)
Add component. Clean all parameters for all variants
Added Component: Designator=Q3_U_relay5(INFINEON SOT-23-3)
Add component. Clean all parameters for all variants
Added Component: Designator=Q3_U_relay6(INFINEON SOT-23-3)
Add component. Clean all parameters for all variants
Added Component: Designator=Q3_U_relay7(INFINEON SOT-23-3)
Add component. Clean all parameters for all variants
Added Component: Designator=Q4(INFINEON SOT-23-3)
Add component. Clean all parameters for all variants
Added Component: Designator=R1(RES_0603)
Add component. Clean all parameters for all variants
Add component (AddParameter): Name = "Value"; Value = "120"; VariantName = "[No Variations]"
Added Component: Designator=R2(RES_0603)
Add component. Clean all parameters for all variants
Add component (AddParameter): Name = "Value"; Value = "?K"; VariantName = "[No Variations]"
Added Component: Designator=R3(RES_0603)
Add component. Clean all parameters for all variants
Add component (AddParameter): Name = "Value"; Value = "?K"; VariantName = "[No Variations]"
Added Component: Designator=R4(RES_0603)
Add component. Clean all parameters for all variants
Add component (AddParameter): Name = "Value"; Value = "?K"; VariantName = "[No Variations]"
Added Component: Designator=R5(RES_0603)
Add component. Clean all parameters for all variants
Add component (AddParameter): Name = "Value"; Value = "4.7k"; VariantName = "[No Variations]"
Added Component: Designator=R6(RES_0603)
Add component. Clean all parameters for all variants
Add component (AddParameter): Name = "Value"; Value = "?K"; VariantName = "[No Variations]"
Added Component: Designator=R7(RES_0603)
Add component. Clean all parameters for all variants
Add component (AddParameter): Name = "Value"; Value = "?K"; VariantName = "[No Variations]"
Added Component: Designator=R8(RES_0603)
Add component. Clean all parameters for all variants
Add component (AddParameter): Name = "Value"; Value = "?K"; VariantName = "[No Variations]"
Added Component: Designator=R9(RES_0603)
Add component. Clean all parameters for all variants
Add component (AddParameter): Name = "Value"; Value = "?K"; VariantName = "[No Variations]"
Added Component: Designator=R10(RES_0603)
Add component. Clean all parameters for all variants
Add component (AddParameter): Name = "Value"; Value = "?K"; VariantName = "[No Variations]"
Added Component: Designator=R11(RES_0603)
Add component. Clean all parameters for all variants
Add component (AddParameter): Name = "Value"; Value = "?K"; VariantName = "[No Variations]"
Added Component: Designator=R12(RES_0603)
Add component. Clean all parameters for all variants
Add component (AddParameter): Name = "Value"; Value = "4.7k"; VariantName = "[No Variations]"
Added Component: Designator=R13(RES_0603)
Add component. Clean all parameters for all variants
Add component (AddParameter): Name = "Value"; Value = "?K"; VariantName = "[No Variations]"
Added Component: Designator=R14(RES_0603)
Add component. Clean all parameters for all variants
Add component (AddParameter): Name = "Value"; Value = "?K"; VariantName = "[No Variations]"
Added Component: Designator=R15(RES_0603)
Add component. Clean all parameters for all variants
Add component (AddParameter): Name = "Value"; Value = "232k"; VariantName = "[No Variations]"
Added Component: Designator=R16(RES_0603)
Add component. Clean all parameters for all variants
Add component (AddParameter): Name = "Value"; Value = "44.2k"; VariantName = "[No Variations]"
Added Component: Designator=R17(RES_0603)
Add component. Clean all parameters for all variants
Add component (AddParameter): Name = "Value"; Value = "5.62k"; VariantName = "[No Variations]"
Added Component: Designator=R18(RES_0603)
Add component. Clean all parameters for all variants
Add component (AddParameter): Name = "Value"; Value = "1.07k"; VariantName = "[No Variations]"
Added Component: Designator=R19_U_relay1(RES_0603)
Add component. Clean all parameters for all variants
Add component (AddParameter): Name = "Value"; Value = "20k"; VariantName = "[No Variations]"
Added Component: Designator=R19_U_relay2(RES_0603)
Add component. Clean all parameters for all variants
Add component (AddParameter): Name = "Value"; Value = "20k"; VariantName = "[No Variations]"
Added Component: Designator=R19_U_relay3(RES_0603)
Add component. Clean all parameters for all variants
Add component (AddParameter): Name = "Value"; Value = "20k"; VariantName = "[No Variations]"
Added Component: Designator=R19_U_relay4(RES_0603)
Add component. Clean all parameters for all variants
Add component (AddParameter): Name = "Value"; Value = "20k"; VariantName = "[No Variations]"
Added Component: Designator=R19_U_relay5(RES_0603)
Add component. Clean all parameters for all variants
Add component (AddParameter): Name = "Value"; Value = "20k"; VariantName = "[No Variations]"
Added Component: Designator=R19_U_relay6(RES_0603)
Add component. Clean all parameters for all variants
Add component (AddParameter): Name = "Value"; Value = "20k"; VariantName = "[No Variations]"
Added Component: Designator=R19_U_relay7(RES_0603)
Add component. Clean all parameters for all variants
Add component (AddParameter): Name = "Value"; Value = "20k"; VariantName = "[No Variations]"
Added Component: Designator=R20(RES_0603)
Add component. Clean all parameters for all variants
Add component (AddParameter): Name = "Value"; Value = "20k"; VariantName = "[No Variations]"
Added Component: Designator=R21(RES_0603)
Add component. Clean all parameters for all variants
Add component (AddParameter): Name = "Value"; Value = "20k"; VariantName = "[No Variations]"
Added Component: Designator=R22(RES_0603)
Add component. Clean all parameters for all variants
Add component (AddParameter): Name = "Value"; Value = "20k"; VariantName = "[No Variations]"
Added Component: Designator=R23(RES_0603)
Add component. Clean all parameters for all variants
Add component (AddParameter): Name = "Value"; Value = "20k"; VariantName = "[No Variations]"
Added Component: Designator=R24(RES_0603)
Add component. Clean all parameters for all variants
Add component (AddParameter): Name = "Value"; Value = "20k"; VariantName = "[No Variations]"
Added Component: Designator=R25(RES_0603)
Add component. Clean all parameters for all variants
Add component (AddParameter): Name = "Value"; Value = "20k"; VariantName = "[No Variations]"
Added Component: Designator=R26(RES_0603)
Add component. Clean all parameters for all variants
Add component (AddParameter): Name = "Value"; Value = "750+"; VariantName = "[No Variations]"
Added Component: Designator=R27(RES_0603)
Add component. Clean all parameters for all variants
Add component (AddParameter): Name = "Value"; Value = "20k"; VariantName = "[No Variations]"
Added Component: Designator=R28(RES_0603)
Add component. Clean all parameters for all variants
Add component (AddParameter): Name = "Value"; Value = "20k"; VariantName = "[No Variations]"
Added Component: Designator=S1(EXTRON CLICKY)
Add component. Clean all parameters for all variants
Added Component: Designator=S2(EXTRON CLICKY)
Add component. Clean all parameters for all variants
Added Component: Designator=S3(EXTRON CLICKY)
Add component. Clean all parameters for all variants
Added Component: Designator=S4(EXTRON CLICKY)
Add component. Clean all parameters for all variants
Added Component: Designator=S5(EXTRON CLICKY)
Add component. Clean all parameters for all variants
Added Component: Designator=S6(EXTRON CLICKY)
Add component. Clean all parameters for all variants
Added Component: Designator=Teensy1(TEENSY_3.1_ALLPINS)
Add component. Clean all parameters for all variants
Added Component: Designator=U1(SOIC127P600X175-8N)
Add component. Clean all parameters for all variants
Added Component: Designator=U2(LT-GN-24_N)
Add component. Clean all parameters for all variants
Add component (AddParameter): Name = "ComponentLink1Description"; Value = "Manufacturer URL"; VariantName = "[No Variations]"
Add component (AddParameter): Name = "ComponentLink1URL"; Value = "http://www.linear.com/"; VariantName = "[No Variations]"
Add component (AddParameter): Name = "ComponentLink2Description"; Value = "Datasheet"; VariantName = "[No Variations]"
Add component (AddParameter): Name = "ComponentLink2URL"; Value = "http://cds.linear.com/docs/en/datasheet/4417f.pdf"; VariantName = "[No Variations]"
Add component (AddParameter): Name = "ComponentLink3Description"; Value = "Package Specification"; VariantName = "[No Variations]"
Add component (AddParameter): Name = "ComponentLink3URL"; Value = "http://cds.linear.com/docs/en/packaging/05081641_B_GN24.pdf"; VariantName = "[No Variations]"
Add component (AddParameter): Name = "Ideal Diode"; Value = "Triple, External, P-Channel"; VariantName = "[No Variations]"
Add component (AddParameter): Name = "Manufacturer"; Value = "Linear Technology"; VariantName = "[No Variations]"
Add component (AddParameter): Name = "Mounting Technology"; Value = "Surface Mount"; VariantName = "[No Variations]"
Add component (AddParameter): Name = "PackageDescription"; Value = "24-Pin Plastic SSOP , Body 8.5 x 3.9 mm, Pitch 0.635 mm"; VariantName = "[No Variations]"
Add component (AddParameter): Name = "PackageReference"; Value = "GN24"; VariantName = "[No Variations]"
Add component (AddParameter): Name = "PackageVersion"; Value = "Rev. B, 03/2012"; VariantName = "[No Variations]"
Add component (AddParameter): Name = "Packing"; Value = "Tape and Reel"; VariantName = "[No Variations]"
Add component (AddParameter): Name = "PartNumber"; Value = "LTC4417HGN#TRPBF"; VariantName = "[No Variations]"
Add component (AddParameter): Name = "RoHS"; Value = "TRUE"; VariantName = "[No Variations]"
Add component (AddParameter): Name = "Supplier 1"; Value = "Digi-Key"; VariantName = "[No Variations]"
Add component (AddParameter): Name = "Supplier 2"; Value = "Newark"; VariantName = "[No Variations]"
Add component (AddParameter): Name = "Supplier Part Number 1"; Value = "LTC4417HGN#TRPBF-ND"; VariantName = "[No Variations]"
Add component (AddParameter): Name = "Supplier Part Number 2"; Value = "53W0557"; VariantName = "[No Variations]"
Added Component: Designator=U3(LMZ21701SIL)
Add component. Clean all parameters for all variants
Add component (AddParameter): Name = "Alternate Manufacturer"; Value = "None"; VariantName = "[No Variations]"
Add component (AddParameter): Name = "Alternate PartNumber"; Value = ""; VariantName = "[No Variations]"
Add component (AddParameter): Name = "ComponentLink1Description"; Value = "Datasheet Link"; VariantName = "[No Variations]"
Add component (AddParameter): Name = "ComponentLink1URL"; Value = "https://sps06.itg.ti.com/sites/KMS/crossdivteams/altium/docs/ComponentDatasheets/LMZ21701_DS_2013_07_10.pdf"; VariantName = "[No Variations]"
Add component (AddParameter): Name = "CompType"; Value = "IC"; VariantName = "[No Variations]"
Add component (AddParameter): Name = "LatestRevisionDate"; Value = "2014-08-23"; VariantName = "[No Variations]"
Add component (AddParameter): Name = "Manufacturer"; Value = "Texas Instruments"; VariantName = "[No Variations]"
Add component (AddParameter): Name = "MountType"; Value = "SMT"; VariantName = "[No Variations]"
Add component (AddParameter): Name = "PackageReference"; Value = "SIL0008E"; VariantName = "[No Variations]"
Add component (AddParameter): Name = "PartNumber"; Value = "LMZ21701SIL"; VariantName = "[No Variations]"
Add component (AddParameter): Name = "Publisher"; Value = "Texas Instruments"; VariantName = "[No Variations]"
Add component (AddParameter): Name = "RoHS"; Value = "Y"; VariantName = "[No Variations]"
Add component (AddParameter): Name = "SymbolCreator"; Value = "a0411947"; VariantName = "[No Variations]"
Add component (AddParameter): Name = "SymbolVersion"; Value = "2013-08-23"; VariantName = "[No Variations]"
Add component (AddParameter): Name = "U/M"; Value = "EA"; VariantName = "[No Variations]"
Added Component: Designator=U4(TZA11A_V)
Add component. Clean all parameters for all variants
Add component (AddParameter): Name = "ComponentLink1Description"; Value = "Manufacturer URL"; VariantName = "[No Variations]"
Add component (AddParameter): Name = "ComponentLink1URL"; Value = "http://www.national.com/"; VariantName = "[No Variations]"
Add component (AddParameter): Name = "ComponentLink2Description"; Value = "LMZ12010 Datasheet"; VariantName = "[No Variations]"
Add component (AddParameter): Name = "ComponentLink2URL"; Value = "http://www.national.com/ds/LM/LMZ12010.pdf"; VariantName = "[No Variations]"
Add component (AddParameter): Name = "ComponentLink3Description"; Value = "LMZ12010 Web Page"; VariantName = "[No Variations]"
Add component (AddParameter): Name = "ComponentLink3URL"; Value = "http://www.national.com/pf/LM/LMZ12010.html"; VariantName = "[No Variations]"
Add component (AddParameter): Name = "ComponentLink4Description"; Value = "TZA11A Package Page"; VariantName = "[No Variations]"
Add component (AddParameter): Name = "ComponentLink4URL"; Value = "http://www.national.com/packaging/folders/tza11a.html"; VariantName = "[No Variations]"
Add component (AddParameter): Name = "CompType"; Value = "Switcher"; VariantName = "[No Variations]"
Add component (AddParameter): Name = "DatasheetVersion"; Value = "Apr-2011"; VariantName = "[No Variations]"
Add component (AddParameter): Name = "High-Reliability"; Value = "Y"; VariantName = "[No Variations]"
Add component (AddParameter): Name = "Manufacturer"; Value = "National Semiconductor"; VariantName = "[No Variations]"
Add component (AddParameter): Name = "PackageDescription"; Value = "TO-PMOD, 15 x 15 x 5.9 mm Body, 11 Lead, 1.27 mm Pitch, Surface Mount"; VariantName = "[No Variations]"
Add component (AddParameter): Name = "PackageReference"; Value = "TZA11A"; VariantName = "[No Variations]"
Add component (AddParameter): Name = "PackageTopMarking"; Value = "NSUZXYTTE#*LMZ12010"; VariantName = "[No Variations]"
Add component (AddParameter): Name = "PackageVersion"; Value = "revE, Apr-2011"; VariantName = "[No Variations]"
Add component (AddParameter): Name = "PartNumber"; Value = "LMZ12010TZE/NOPB"; VariantName = "[No Variations]"
Add component (AddParameter): Name = "PinCount"; Value = "11"; VariantName = "[No Variations]"
Add component (AddParameter): Name = "PowerWise"; Value = "N"; VariantName = "[No Variations]"
Add component (AddParameter): Name = "RoHS"; Value = "Y"; VariantName = "[No Variations]"
Added Component: Designator=U6_U_servo1(DSS12_P9X2)
Add component. Clean all parameters for all variants
Add component (AddParameter): Name = "Manufacturer_Part_Number"; Value = "drv8835_dss_12"; VariantName = "[No Variations]"
Add component (AddParameter): Name = "RefDes"; Value = "RefDes"; VariantName = "[No Variations]"
Add component (AddParameter): Name = "Type"; Value = "Type"; VariantName = "[No Variations]"
Add component (AddParameter): Name = "Value"; Value = "Value"; VariantName = "[No Variations]"
Add component (AddParameter): Name = "Vendor"; Value = "Texas Instruments"; VariantName = "[No Variations]"
Added Component: Designator=U6_U_servo2(DSS12_P9X2)
Add component. Clean all parameters for all variants
Add component (AddParameter): Name = "Manufacturer_Part_Number"; Value = "drv8835_dss_12"; VariantName = "[No Variations]"
Add component (AddParameter): Name = "RefDes"; Value = "RefDes"; VariantName = "[No Variations]"
Add component (AddParameter): Name = "Type"; Value = "Type"; VariantName = "[No Variations]"
Add component (AddParameter): Name = "Value"; Value = "Value"; VariantName = "[No Variations]"
Add component (AddParameter): Name = "Vendor"; Value = "Texas Instruments"; VariantName = "[No Variations]"
Added Component: Designator=U6_U_servo3(DSS12_P9X2)
Add component. Clean all parameters for all variants
Add component (AddParameter): Name = "Manufacturer_Part_Number"; Value = "drv8835_dss_12"; VariantName = "[No Variations]"
Add component (AddParameter): Name = "RefDes"; Value = "RefDes"; VariantName = "[No Variations]"
Add component (AddParameter): Name = "Type"; Value = "Type"; VariantName = "[No Variations]"
Add component (AddParameter): Name = "Value"; Value = "Value"; VariantName = "[No Variations]"
Add component (AddParameter): Name = "Vendor"; Value = "Texas Instruments"; VariantName = "[No Variations]"
Added Component: Designator=U7(TI-PWP24-4420X1950TP_N)
Add component. Clean all parameters for all variants
Add component (AddParameter): Name = "Code_JEDEC"; Value = "MO-153"; VariantName = "[No Variations]"
Add component (AddParameter): Name = "ComponentLink1Description"; Value = "Manufacturer URL"; VariantName = "[No Variations]"
Add component (AddParameter): Name = "ComponentLink1URL"; Value = "http://www.ti.com/"; VariantName = "[No Variations]"
Add component (AddParameter): Name = "ComponentLink2Description"; Value = "Datasheet"; VariantName = "[No Variations]"
Add component (AddParameter): Name = "ComponentLink2URL"; Value = "http://www.ti.com/general/docs/lit/getliterature.tsp?genericPartNumber=TLC5926-Q1&fileType=pdf"; VariantName = "[No Variations]"
Add component (AddParameter): Name = "ComponentLink3Description"; Value = "Package Specification"; VariantName = "[No Variations]"
Add component (AddParameter): Name = "ComponentLink3URL"; Value = "http://www.ti.com/lit/ds/symlink/tps65101.pdf"; VariantName = "[No Variations]"
Add component (AddParameter): Name = "DatasheetVersion"; Value = "SLVS973"; VariantName = "[No Variations]"
Add component (AddParameter): Name = "Eco-Plan"; Value = "Green (RoHS & no Sb/Br)"; VariantName = "[No Variations]"
Add component (AddParameter): Name = "Iout(Max)(A)"; Value = "0.12"; VariantName = "[No Variations]"
Add component (AddParameter): Name = "Manufacturer"; Value = "Texas Instruments"; VariantName = "[No Variations]"
Add component (AddParameter): Name = "Mounting Technology"; Value = "Surface Mount"; VariantName = "[No Variations]"
Add component (AddParameter): Name = "PackageDescription"; Value = "24-Lead, Plastic Small Outline, Body Size 4.4 x 7.8 mm, Pitch 0.65 mm"; VariantName = "[No Variations]"
Add component (AddParameter): Name = "PackageReference"; Value = "PWP24-4420X1950TP"; VariantName = "[No Variations]"
Add component (AddParameter): Name = "PackageVersion"; Value = "4073225-5/I"; VariantName = "[No Variations]"
Add component (AddParameter): Name = "PartNumber"; Value = "TLC5926QPWPRQ1"; VariantName = "[No Variations]"
Add component (AddParameter): Name = "SubFamily"; Value = "LED Driver"; VariantName = "[No Variations]"
Add component (AddParameter): Name = "Supplier 1"; Value = "Digi-Key"; VariantName = "[No Variations]"
Add component (AddParameter): Name = "Supplier 2"; Value = "Digi-Key"; VariantName = "[No Variations]"
Add component (AddParameter): Name = "Supplier 3"; Value = "Digi-Key"; VariantName = "[No Variations]"
Add component (AddParameter): Name = "Supplier 4"; Value = "Newark"; VariantName = "[No Variations]"
Add component (AddParameter): Name = "Supplier 5"; Value = "Mouser"; VariantName = "[No Variations]"
Add component (AddParameter): Name = "Supplier Part Number 1"; Value = "296-24948-2-ND"; VariantName = "[No Variations]"
Add component (AddParameter): Name = "Supplier Part Number 2"; Value = "296-24948-1-ND"; VariantName = "[No Variations]"
Add component (AddParameter): Name = "Supplier Part Number 3"; Value = "296-24948-6-ND"; VariantName = "[No Variations]"
Add component (AddParameter): Name = "Supplier Part Number 4"; Value = "24R9990"; VariantName = "[No Variations]"
Add component (AddParameter): Name = "Supplier Part Number 5"; Value = "595-TLC5926QPWPRQ1"; VariantName = "[No Variations]"
Add component (AddParameter): Name = "Vin(Max)(V)"; Value = "5.5"; VariantName = "[No Variations]"
Add component (AddParameter): Name = "Vin(Min)(V)"; Value = "3"; VariantName = "[No Variations]"
Added Component: Designator=U8(CMT-8540S-SMT)
Add component. Clean all parameters for all variants
Added Pin To Net: NetName=GND Pin=C1-1
Added Pin To Net: NetName=VCC5 Pin=C1-2
Added Pin To Net: NetName=GND Pin=C2-1
Added Pin To Net: NetName=VCC3.3 Pin=C2-2
Added Pin To Net: NetName=PGND Pin=C3-1
Added Pin To Net: NetName=Vaircraft Pin=C3-2
Added Pin To Net: NetName=AGND Pin=C4-1
Added Pin To Net: NetName=vs_aircraft Pin=C4-2
Added Pin To Net: NetName=PGND Pin=C5-1
Added Pin To Net: NetName=Vbackup Pin=C5-2
Added Pin To Net: NetName=AGND Pin=C6-1
Added Pin To Net: NetName=vs_backup Pin=C6-2
Added Pin To Net: NetName=VS1 Pin=C7-1
Added Pin To Net: NetName=PGND Pin=C7-2
Added Pin To Net: NetName=VS2 Pin=C8-1
Added Pin To Net: NetName=GND Pin=C8-2
Added Pin To Net: NetName=GND Pin=C9-1
Added Pin To Net: NetName=VCC_PP Pin=C9-2
Added Pin To Net: NetName=GND Pin=C10-1
Added Pin To Net: NetName=NetC10_2 Pin=C10-2
Added Pin To Net: NetName=PGND Pin=C11-1
Added Pin To Net: NetName=VCC_5 Pin=C11-2
Added Pin To Net: NetName=PGND Pin=C12-1
Added Pin To Net: NetName=VCC_5 Pin=C12-2
Added Pin To Net: NetName=PGND Pin=C13-1
Added Pin To Net: NetName=NetC13_2 Pin=C13-2
Added Pin To Net: NetName=PGND Pin=C14-1
Added Pin To Net: NetName=NetC14_2 Pin=C14-2
Added Pin To Net: NetName=PGND Pin=C15-1
Added Pin To Net: NetName=VCC_3.3 Pin=C15-2
Added Pin To Net: NetName=GND Pin=C16-1
Added Pin To Net: NetName=VCC_5 Pin=C16-2
Added Pin To Net: NetName=PGND Pin=C17-1
Added Pin To Net: NetName=VCC_3.3 Pin=C17-2
Added Pin To Net: NetName=PGND Pin=C18_U_servo1-1
Added Pin To Net: NetName=VCC_SERVO Pin=C18_U_servo1-2
Added Pin To Net: NetName=PGND Pin=C18_U_servo2-1
Added Pin To Net: NetName=VCC_SERVO Pin=C18_U_servo2-2
Added Pin To Net: NetName=PGND Pin=C18_U_servo3-1
Added Pin To Net: NetName=VCC_SERVO Pin=C18_U_servo3-2
Added Pin To Net: NetName=PGND Pin=C19_U_servo1-1
Added Pin To Net: NetName=VCC_SERVO Pin=C19_U_servo1-2
Added Pin To Net: NetName=PGND Pin=C19_U_servo2-1
Added Pin To Net: NetName=VCC_SERVO Pin=C19_U_servo2-2
Added Pin To Net: NetName=PGND Pin=C19_U_servo3-1
Added Pin To Net: NetName=VCC_SERVO Pin=C19_U_servo3-2
Added Pin To Net: NetName=PGND Pin=C20_U_servo1-1
Added Pin To Net: NetName=VCC_SERVO Pin=C20_U_servo1-2
Added Pin To Net: NetName=PGND Pin=C20_U_servo2-1
Added Pin To Net: NetName=VCC_SERVO Pin=C20_U_servo2-2
Added Pin To Net: NetName=PGND Pin=C20_U_servo3-1
Added Pin To Net: NetName=VCC_SERVO Pin=C20_U_servo3-2
Added Pin To Net: NetName=PGND Pin=C21_U_servo1-1
Added Pin To Net: NetName=VCC_SERVO Pin=C21_U_servo1-2
Added Pin To Net: NetName=PGND Pin=C21_U_servo2-1
Added Pin To Net: NetName=VCC_SERVO Pin=C21_U_servo2-2
Added Pin To Net: NetName=PGND Pin=C21_U_servo3-1
Added Pin To Net: NetName=VCC_SERVO Pin=C21_U_servo3-2
Added Pin To Net: NetName=VCC_SERVO Pin=C22_U_servo1-1
Added Pin To Net: NetName=PGND Pin=C22_U_servo1-2
Added Pin To Net: NetName=VCC_SERVO Pin=C22_U_servo2-1
Added Pin To Net: NetName=PGND Pin=C22_U_servo2-2
Added Pin To Net: NetName=VCC_SERVO Pin=C22_U_servo3-1
Added Pin To Net: NetName=PGND Pin=C22_U_servo3-2
Added Pin To Net: NetName=VCC_SERVO Pin=C23_U_servo1-1
Added Pin To Net: NetName=PGND Pin=C23_U_servo1-2
Added Pin To Net: NetName=VCC_SERVO Pin=C23_U_servo2-1
Added Pin To Net: NetName=PGND Pin=C23_U_servo2-2
Added Pin To Net: NetName=VCC_SERVO Pin=C23_U_servo3-1
Added Pin To Net: NetName=PGND Pin=C23_U_servo3-2
Added Pin To Net: NetName=PGND Pin=C24_U_servo1-1
Added Pin To Net: NetName=VCC_3.3 Pin=C24_U_servo1-2
Added Pin To Net: NetName=PGND Pin=C24_U_servo2-1
Added Pin To Net: NetName=VCC_3.3 Pin=C24_U_servo2-2
Added Pin To Net: NetName=PGND Pin=C24_U_servo3-1
Added Pin To Net: NetName=VCC_3.3 Pin=C24_U_servo3-2
Added Pin To Net: NetName=VCC_3.3 Pin=C25_U_servo1-1
Added Pin To Net: NetName=PGND Pin=C25_U_servo1-2
Added Pin To Net: NetName=VCC_3.3 Pin=C25_U_servo2-1
Added Pin To Net: NetName=PGND Pin=C25_U_servo2-2
Added Pin To Net: NetName=VCC_3.3 Pin=C25_U_servo3-1
Added Pin To Net: NetName=PGND Pin=C25_U_servo3-2
Added Pin To Net: NetName=VCCA Pin=C26_U_servo1-1
Added Pin To Net: NetName=AGND Pin=C26_U_servo1-2
Added Pin To Net: NetName=VCCA Pin=C26_U_servo2-1
Added Pin To Net: NetName=AGND Pin=C26_U_servo2-2
Added Pin To Net: NetName=VCCA Pin=C26_U_servo3-1
Added Pin To Net: NetName=AGND Pin=C26_U_servo3-2
Added Pin To Net: NetName=GND Pin=C27-1
Added Pin To Net: NetName=button1 Pin=C27-2
Added Pin To Net: NetName=GND Pin=C28-1
Added Pin To Net: NetName=button2 Pin=C28-2
Added Pin To Net: NetName=GND Pin=C29-1
Added Pin To Net: NetName=button3 Pin=C29-2
Added Pin To Net: NetName=GND Pin=C30-1
Added Pin To Net: NetName=button4 Pin=C30-2
Added Pin To Net: NetName=GND Pin=C31-1
Added Pin To Net: NetName=button5 Pin=C31-2
Added Pin To Net: NetName=GND Pin=C32-1
Added Pin To Net: NetName=button6 Pin=C32-2
Added Pin To Net: NetName=GND Pin=C33-1
Added Pin To Net: NetName=VCC_5 Pin=C33-2
Added Pin To Net: NetName=GND Pin=C34-1
Added Pin To Net: NetName=VCC_5 Pin=C34-2
Added Pin To Net: NetName=GND Pin=C35-1
Added Pin To Net: NetName=VCC_5 Pin=C35-2
Added Pin To Net: NetName=GND Pin=C36-1
Added Pin To Net: NetName=VCC_5 Pin=C36-2
Added Pin To Net: NetName=GND Pin=C37-1
Added Pin To Net: NetName=ext_ap_disc Pin=C37-2
Added Pin To Net: NetName=GND Pin=D1_U_external_ps_en1-1
Added Pin To Net: NetName=ext_ps_en1 Pin=D1_U_external_ps_en1-2
Added Pin To Net: NetName=GND Pin=D1_U_external_ps_en2-1
Added Pin To Net: NetName=ext_ps_en2 Pin=D1_U_external_ps_en2-2
Added Pin To Net: NetName=PGND Pin=D2-1
Added Pin To Net: NetName=Vaircraft Pin=D2-2
Added Pin To Net: NetName=PGND Pin=D3-1
Added Pin To Net: NetName=Vbackup Pin=D3-2
Added Pin To Net: NetName=NetD4_U_relay1_1 Pin=D4_U_relay1-1
Added Pin To Net: NetName=Vaircraft Pin=D4_U_relay1-2
Added Pin To Net: NetName=NetD4_U_relay2_1 Pin=D4_U_relay2-1
Added Pin To Net: NetName=Vaircraft Pin=D4_U_relay2-2
Added Pin To Net: NetName=NetD4_U_relay3_1 Pin=D4_U_relay3-1
Added Pin To Net: NetName=Vaircraft Pin=D4_U_relay3-2
Added Pin To Net: NetName=NetD4_U_relay4_1 Pin=D4_U_relay4-1
Added Pin To Net: NetName=Vaircraft Pin=D4_U_relay4-2
Added Pin To Net: NetName=NetD4_U_relay5_1 Pin=D4_U_relay5-1
Added Pin To Net: NetName=Vaircraft Pin=D4_U_relay5-2
Added Pin To Net: NetName=NetD4_U_relay6_1 Pin=D4_U_relay6-1
Added Pin To Net: NetName=Vaircraft Pin=D4_U_relay6-2
Added Pin To Net: NetName=NetD4_U_relay7_1 Pin=D4_U_relay7-1
Added Pin To Net: NetName=Vaircraft Pin=D4_U_relay7-2
Added Pin To Net: NetName=NetD5_1 Pin=D5-1
Added Pin To Net: NetName=VCC_5 Pin=D5-2
Added Pin To Net: NetName=NetD6_1 Pin=D6-1
Added Pin To Net: NetName=VCC_5 Pin=D6-2
Added Pin To Net: NetName=NetF1_1 Pin=F1-1
Added Pin To Net: NetName=Vbackup Pin=F1-2
Added Pin To Net: NetName=GND Pin=J1-1
Added Pin To Net: NetName=ext_ps_en1 Pin=J2_U_external_ps_en1-1
Added Pin To Net: NetName=GND Pin=J2_U_external_ps_en1-2
Added Pin To Net: NetName=ext_ps_en2 Pin=J2_U_external_ps_en2-1
Added Pin To Net: NetName=GND Pin=J2_U_external_ps_en2-2
Added Pin To Net: NetName=PGND Pin=J3-1
Added Pin To Net: NetName=Vaircraft Pin=J3-2
Added Pin To Net: NetName=PGND Pin=J4-1
Added Pin To Net: NetName=NetF1_1 Pin=J4-2
Added Pin To Net: NetName=PGND Pin=J5-1
Added Pin To Net: NetName=Vaircraft Pin=J6_U_relay1-1
Added Pin To Net: NetName=NetD4_U_relay1_1 Pin=J6_U_relay1-2
Added Pin To Net: NetName=Vaircraft Pin=J6_U_relay2-1
Added Pin To Net: NetName=NetD4_U_relay2_1 Pin=J6_U_relay2-2
Added Pin To Net: NetName=Vaircraft Pin=J6_U_relay3-1
Added Pin To Net: NetName=NetD4_U_relay3_1 Pin=J6_U_relay3-2
Added Pin To Net: NetName=Vaircraft Pin=J6_U_relay4-1
Added Pin To Net: NetName=NetD4_U_relay4_1 Pin=J6_U_relay4-2
Added Pin To Net: NetName=Vaircraft Pin=J6_U_relay5-1
Added Pin To Net: NetName=NetD4_U_relay5_1 Pin=J6_U_relay5-2
Added Pin To Net: NetName=Vaircraft Pin=J6_U_relay6-1
Added Pin To Net: NetName=NetD4_U_relay6_1 Pin=J6_U_relay6-2
Added Pin To Net: NetName=Vaircraft Pin=J6_U_relay7-1
Added Pin To Net: NetName=NetD4_U_relay7_1 Pin=J6_U_relay7-2
Added Pin To Net: NetName=AGND Pin=J7_U_servo1-1
Added Pin To Net: NetName=clutch_pot1 Pin=J7_U_servo1-2
Added Pin To Net: NetName=VCCA Pin=J7_U_servo1-3
Added Pin To Net: NetName=AGND Pin=J7_U_servo2-1
Added Pin To Net: NetName=clutch_pot2 Pin=J7_U_servo2-2
Added Pin To Net: NetName=VCCA Pin=J7_U_servo2-3
Added Pin To Net: NetName=AGND Pin=J7_U_servo3-1
Added Pin To Net: NetName=clutch_pot3 Pin=J7_U_servo3-2
Added Pin To Net: NetName=VCCA Pin=J7_U_servo3-3
Added Pin To Net: NetName=GND Pin=J8-1
Added Pin To Net: NetName=ext_ap_disc Pin=J8-2
Added Pin To Net: NetName=VCC_3.3 Pin=L1-1
Added Pin To Net: NetName=VCCA Pin=L1-2
Added Pin To Net: NetName=GND Pin=NT1-1
Added Pin To Net: NetName=PGND Pin=NT1-2
Added Pin To Net: NetName=AGND Pin=NT1-3
Added Pin To Net: NetName=mosi Pin=P1-1
Added Pin To Net: NetName=sck Pin=P1-2
Added Pin To Net: NetName=oled_dc Pin=P1-3
Added Pin To Net: NetName=oled_rst Pin=P1-4
Added Pin To Net: NetName=oled_cs Pin=P1-5
Added Pin To Net: NetName=VCC_3.3 Pin=P1-6
Added Pin To Net: NetName=GND Pin=P1-8
Added Pin To Net: NetName=VS1 Pin=Q1-1
Added Pin To Net: NetName=G1 Pin=Q1-2
Added Pin To Net: NetName=VS1 Pin=Q1-3
Added Pin To Net: NetName=G1 Pin=Q1-4
Added Pin To Net: NetName=VCC_PP Pin=Q1-5
Added Pin To Net: NetName=VCC_PP Pin=Q1-6
Added Pin To Net: NetName=Vaircraft Pin=Q1-7
Added Pin To Net: NetName=Vaircraft Pin=Q1-8
Added Pin To Net: NetName=VS2 Pin=Q2-1
Added Pin To Net: NetName=G2 Pin=Q2-2
Added Pin To Net: NetName=VS2 Pin=Q2-3
Added Pin To Net: NetName=G2 Pin=Q2-4
Added Pin To Net: NetName=VCC_PP Pin=Q2-5
Added Pin To Net: NetName=VCC_PP Pin=Q2-6
Added Pin To Net: NetName=Vbackup Pin=Q2-7
Added Pin To Net: NetName=Vbackup Pin=Q2-8
Added Pin To Net: NetName=rly1 Pin=Q3_U_relay1-1
Added Pin To Net: NetName=NetD4_U_relay1_1 Pin=Q3_U_relay1-2
Added Pin To Net: NetName=PGND Pin=Q3_U_relay1-3
Added Pin To Net: NetName=rly2 Pin=Q3_U_relay2-1
Added Pin To Net: NetName=NetD4_U_relay2_1 Pin=Q3_U_relay2-2
Added Pin To Net: NetName=PGND Pin=Q3_U_relay2-3
Added Pin To Net: NetName=rly3 Pin=Q3_U_relay3-1
Added Pin To Net: NetName=NetD4_U_relay3_1 Pin=Q3_U_relay3-2
Added Pin To Net: NetName=PGND Pin=Q3_U_relay3-3
Added Pin To Net: NetName=rly4 Pin=Q3_U_relay4-1
Added Pin To Net: NetName=NetD4_U_relay4_1 Pin=Q3_U_relay4-2
Added Pin To Net: NetName=PGND Pin=Q3_U_relay4-3
Added Pin To Net: NetName=rly5 Pin=Q3_U_relay5-1
Added Pin To Net: NetName=NetD4_U_relay5_1 Pin=Q3_U_relay5-2
Added Pin To Net: NetName=PGND Pin=Q3_U_relay5-3
Added Pin To Net: NetName=rly6 Pin=Q3_U_relay6-1
Added Pin To Net: NetName=NetD4_U_relay6_1 Pin=Q3_U_relay6-2
Added Pin To Net: NetName=PGND Pin=Q3_U_relay6-3
Added Pin To Net: NetName=rly7 Pin=Q3_U_relay7-1
Added Pin To Net: NetName=NetD4_U_relay7_1 Pin=Q3_U_relay7-2
Added Pin To Net: NetName=PGND Pin=Q3_U_relay7-3
Added Pin To Net: NetName=buzzer Pin=Q4-1
Added Pin To Net: NetName=NetD6_1 Pin=Q4-2
Added Pin To Net: NetName=GND Pin=Q4-3
Added Pin To Net: NetName=UV1 Pin=R2-1
Added Pin To Net: NetName=Vaircraft Pin=R2-2
Added Pin To Net: NetName=OV1 Pin=R3-1
Added Pin To Net: NetName=UV1 Pin=R3-2
Added Pin To Net: NetName=PGND Pin=R4-1
Added Pin To Net: NetName=OV1 Pin=R4-2
Added Pin To Net: NetName=vs_aircraft Pin=R5-1
Added Pin To Net: NetName=NetR5_2 Pin=R5-2
Added Pin To Net: NetName=UV2 Pin=R6-1
Added Pin To Net: NetName=Vbackup Pin=R6-2
Added Pin To Net: NetName=OV2 Pin=R7-1
Added Pin To Net: NetName=UV2 Pin=R7-2
Added Pin To Net: NetName=PGND Pin=R8-1
Added Pin To Net: NetName=OV2 Pin=R8-2
Added Pin To Net: NetName=NetR5_2 Pin=R9-1
Added Pin To Net: NetName=Vaircraft Pin=R9-2
Added Pin To Net: NetName=AGND Pin=R10-1
Added Pin To Net: NetName=NetR5_2 Pin=R10-2
Added Pin To Net: NetName=PGND Pin=R11-1
Added Pin To Net: NetName=NetR11_2 Pin=R11-2
Added Pin To Net: NetName=vs_backup Pin=R12-1
Added Pin To Net: NetName=NetR12_2 Pin=R12-2
Added Pin To Net: NetName=NetR12_2 Pin=R13-1
Added Pin To Net: NetName=Vbackup Pin=R13-2
Added Pin To Net: NetName=AGND Pin=R14-1
Added Pin To Net: NetName=NetR12_2 Pin=R14-2
Added Pin To Net: NetName=NetR15_1 Pin=R15-1
Added Pin To Net: NetName=VCC_5 Pin=R15-2
Added Pin To Net: NetName=GND Pin=R16-1
Added Pin To Net: NetName=NetR15_1 Pin=R16-2
Added Pin To Net: NetName=NetR17_1 Pin=R17-1
Added Pin To Net: NetName=VCC_SERVO Pin=R17-2
Added Pin To Net: NetName=PGND Pin=R18-1
Added Pin To Net: NetName=NetR17_1 Pin=R18-2
Added Pin To Net: NetName=PGND Pin=R19_U_relay1-1
Added Pin To Net: NetName=rly1 Pin=R19_U_relay1-2
Added Pin To Net: NetName=PGND Pin=R19_U_relay2-1
Added Pin To Net: NetName=rly2 Pin=R19_U_relay2-2
Added Pin To Net: NetName=PGND Pin=R19_U_relay3-1
Added Pin To Net: NetName=rly3 Pin=R19_U_relay3-2
Added Pin To Net: NetName=PGND Pin=R19_U_relay4-1
Added Pin To Net: NetName=rly4 Pin=R19_U_relay4-2
Added Pin To Net: NetName=PGND Pin=R19_U_relay5-1
Added Pin To Net: NetName=rly5 Pin=R19_U_relay5-2
Added Pin To Net: NetName=PGND Pin=R19_U_relay6-1
Added Pin To Net: NetName=rly6 Pin=R19_U_relay6-2
Added Pin To Net: NetName=PGND Pin=R19_U_relay7-1
Added Pin To Net: NetName=rly7 Pin=R19_U_relay7-2
Added Pin To Net: NetName=button1 Pin=R20-1
Added Pin To Net: NetName=VCC_3.3 Pin=R20-2
Added Pin To Net: NetName=button2 Pin=R21-1
Added Pin To Net: NetName=VCC_3.3 Pin=R21-2
Added Pin To Net: NetName=button3 Pin=R22-1
Added Pin To Net: NetName=VCC_3.3 Pin=R22-2
Added Pin To Net: NetName=button4 Pin=R23-1
Added Pin To Net: NetName=VCC_3.3 Pin=R23-2
Added Pin To Net: NetName=button5 Pin=R24-1
Added Pin To Net: NetName=VCC_3.3 Pin=R24-2
Added Pin To Net: NetName=button6 Pin=R25-1
Added Pin To Net: NetName=VCC_3.3 Pin=R25-2
Added Pin To Net: NetName=NetR26_1 Pin=R26-1
Added Pin To Net: NetName=GND Pin=R26-2
Added Pin To Net: NetName=ext_ap_disc Pin=R27-1
Added Pin To Net: NetName=VCC_3.3 Pin=R27-2
Added Pin To Net: NetName=GND Pin=R28-1
Added Pin To Net: NetName=buzzer Pin=R28-2
Added Pin To Net: NetName=rly1 Pin=Teensy1-0
Added Pin To Net: NetName=rly2 Pin=Teensy1-1
Added Pin To Net: NetName=rly3 Pin=Teensy1-2
Added Pin To Net: NetName=can_tx Pin=Teensy1-3
Added Pin To Net: NetName=can_rx Pin=Teensy1-4
Added Pin To Net: NetName=clutch_motor_a1 Pin=Teensy1-5
Added Pin To Net: NetName=clutch_motor_b1 Pin=Teensy1-6
Added Pin To Net: NetName=rly4 Pin=Teensy1-7
Added Pin To Net: NetName=rly5 Pin=Teensy1-8
Added Pin To Net: NetName=rly6 Pin=Teensy1-9
Added Pin To Net: NetName=rly7 Pin=Teensy1-10
Added Pin To Net: NetName=mosi Pin=Teensy1-11
Added Pin To Net: NetName=sck Pin=Teensy1-14/A0
Added Pin To Net: NetName=oled_cs Pin=Teensy1-15/A1
Added Pin To Net: NetName=oled_rst Pin=Teensy1-16/A2
Added Pin To Net: NetName=oled_dc Pin=Teensy1-17/A3
Added Pin To Net: NetName=led_driver_le Pin=Teensy1-18/A4
Added Pin To Net: NetName=ext_ap_disc Pin=Teensy1-19/A5
Added Pin To Net: NetName=clutch_motor_a2 Pin=Teensy1-20/A6
Added Pin To Net: NetName=clutch_motor_b2 Pin=Teensy1-21/A7
Added Pin To Net: NetName=clutch_motor_a3 Pin=Teensy1-22/A8
Added Pin To Net: NetName=clutch_motor_b3 Pin=Teensy1-23/A9
Added Pin To Net: NetName=buzzer Pin=Teensy1-25
Added Pin To Net: NetName=ext_ps_en1 Pin=Teensy1-26
Added Pin To Net: NetName=ext_ps_en2 Pin=Teensy1-27
Added Pin To Net: NetName=clutch_servo_en Pin=Teensy1-28
Added Pin To Net: NetName=vs_backup Pin=Teensy1-29
Added Pin To Net: NetName=vs_aircraft Pin=Teensy1-30
Added Pin To Net: NetName=invalid_backup Pin=Teensy1-31
Added Pin To Net: NetName=invalid_aircraft Pin=Teensy1-32
Added Pin To Net: NetName=clutch_pot3 Pin=Teensy1-A10
Added Pin To Net: NetName=clutch_pot2 Pin=Teensy1-A11
Added Pin To Net: NetName=clutch_pot1 Pin=Teensy1-A12
Added Pin To Net: NetName=AGND Pin=Teensy1-AGND
Added Pin To Net: NetName=VCC_5 Pin=Teensy1-VIN
Added Pin To Net: NetName=NetD5_1 Pin=Teensy1-VUSB
Added Pin To Net: NetName=can_tx Pin=U1-1
Added Pin To Net: NetName=GND Pin=U1-2
Added Pin To Net: NetName=VCC5 Pin=U1-3
Added Pin To Net: NetName=can_rx Pin=U1-4
Added Pin To Net: NetName=VCC3.3 Pin=U1-5
Added Pin To Net: NetName=NetR11_2 Pin=U2-3
Added Pin To Net: NetName=UV1 Pin=U2-4
Added Pin To Net: NetName=OV1 Pin=U2-5
Added Pin To Net: NetName=UV2 Pin=U2-6
Added Pin To Net: NetName=OV2 Pin=U2-7
Added Pin To Net: NetName=PGND Pin=U2-8
Added Pin To Net: NetName=PGND Pin=U2-9
Added Pin To Net: NetName=invalid_aircraft Pin=U2-10
Added Pin To Net: NetName=invalid_backup Pin=U2-11
Added Pin To Net: NetName=PGND Pin=U2-13
Added Pin To Net: NetName=VCC_PP Pin=U2-15
Added Pin To Net: NetName=PGND Pin=U2-16
Added Pin To Net: NetName=PGND Pin=U2-17
Added Pin To Net: NetName=G2 Pin=U2-18
Added Pin To Net: NetName=VS2 Pin=U2-19
Added Pin To Net: NetName=G1 Pin=U2-20
Added Pin To Net: NetName=VS1 Pin=U2-21
Added Pin To Net: NetName=PGND Pin=U2-22
Added Pin To Net: NetName=Vbackup Pin=U2-23
Added Pin To Net: NetName=Vaircraft Pin=U2-24
Added Pin To Net: NetName=NetC10_2 Pin=U3-1
Added Pin To Net: NetName=NetR15_1 Pin=U3-2
Added Pin To Net: NetName=VCC_5 Pin=U3-4
Added Pin To Net: NetName=GND Pin=U3-5
Added Pin To Net: NetName=VCC_5 Pin=U3-6
Added Pin To Net: NetName=VCC_PP Pin=U3-7
Added Pin To Net: NetName=VCC_PP Pin=U3-8
Added Pin To Net: NetName=GND Pin=U3-9
Added Pin To Net: NetName=GND Pin=U3-10
Added Pin To Net: NetName=VCC_PP Pin=U4-1
Added Pin To Net: NetName=VCC_PP Pin=U4-2
Added Pin To Net: NetName=PGND Pin=U4-3
Added Pin To Net: NetName=clutch_servo_en Pin=U4-4
Added Pin To Net: NetName=PGND Pin=U4-5
Added Pin To Net: NetName=PGND Pin=U4-6
Added Pin To Net: NetName=NetR17_1 Pin=U4-7
Added Pin To Net: NetName=NetC13_2 Pin=U4-8
Added Pin To Net: NetName=VCC_SERVO Pin=U4-10
Added Pin To Net: NetName=VCC_SERVO Pin=U4-11
Added Pin To Net: NetName=PGND Pin=U4-12
Added Pin To Net: NetName=VCC_SERVO Pin=U6_U_servo1-1
Added Pin To Net: NetName=PGND Pin=U6_U_servo1-6
Added Pin To Net: NetName=clutch_motor_b1 Pin=U6_U_servo1-7
Added Pin To Net: NetName=clutch_motor_a1 Pin=U6_U_servo1-8
Added Pin To Net: NetName=clutch_motor_b1 Pin=U6_U_servo1-9
Added Pin To Net: NetName=clutch_motor_a1 Pin=U6_U_servo1-10
Added Pin To Net: NetName=PGND Pin=U6_U_servo1-11
Added Pin To Net: NetName=VCC_3.3 Pin=U6_U_servo1-12
Added Pin To Net: NetName=PGND Pin=U6_U_servo1-13
Added Pin To Net: NetName=VCC_SERVO Pin=U6_U_servo2-1
Added Pin To Net: NetName=PGND Pin=U6_U_servo2-6
Added Pin To Net: NetName=clutch_motor_b2 Pin=U6_U_servo2-7
Added Pin To Net: NetName=clutch_motor_a2 Pin=U6_U_servo2-8
Added Pin To Net: NetName=clutch_motor_b2 Pin=U6_U_servo2-9
Added Pin To Net: NetName=clutch_motor_a2 Pin=U6_U_servo2-10
Added Pin To Net: NetName=PGND Pin=U6_U_servo2-11
Added Pin To Net: NetName=VCC_3.3 Pin=U6_U_servo2-12
Added Pin To Net: NetName=PGND Pin=U6_U_servo2-13
Added Pin To Net: NetName=VCC_SERVO Pin=U6_U_servo3-1
Added Pin To Net: NetName=PGND Pin=U6_U_servo3-6
Added Pin To Net: NetName=clutch_motor_b3 Pin=U6_U_servo3-7
Added Pin To Net: NetName=clutch_motor_a3 Pin=U6_U_servo3-8
Added Pin To Net: NetName=clutch_motor_b3 Pin=U6_U_servo3-9
Added Pin To Net: NetName=clutch_motor_a3 Pin=U6_U_servo3-10
Added Pin To Net: NetName=PGND Pin=U6_U_servo3-11
Added Pin To Net: NetName=VCC_3.3 Pin=U6_U_servo3-12
Added Pin To Net: NetName=PGND Pin=U6_U_servo3-13
Added Pin To Net: NetName=GND Pin=U7-1
Added Pin To Net: NetName=mosi Pin=U7-2
Added Pin To Net: NetName=sck Pin=U7-3
Added Pin To Net: NetName=led_driver_le Pin=U7-4
Added Pin To Net: NetName=LED1 Pin=U7-5
Added Pin To Net: NetName=LED2 Pin=U7-6
Added Pin To Net: NetName=LED3 Pin=U7-7
Added Pin To Net: NetName=LED4 Pin=U7-8
Added Pin To Net: NetName=LED5 Pin=U7-9
Added Pin To Net: NetName=LED6 Pin=U7-10
Added Pin To Net: NetName=LED7 Pin=U7-11
Added Pin To Net: NetName=LED8 Pin=U7-12
Added Pin To Net: NetName=LED9 Pin=U7-13
Added Pin To Net: NetName=LED10 Pin=U7-14
Added Pin To Net: NetName=LED11 Pin=U7-15
Added Pin To Net: NetName=LED12 Pin=U7-16
Added Pin To Net: NetName=GND Pin=U7-21
Added Pin To Net: NetName=NetR26_1 Pin=U7-23
Added Pin To Net: NetName=VCC_5 Pin=U7-24
Added Pin To Net: NetName=GND Pin=U7-25
Added Pin To Net: NetName=VCC_5 Pin=U8-1
Added Pin To Net: NetName=NetD6_1 Pin=U8-2
Added Pin To Net: NetName=NetJ1_2 Pin=J1-2
Added Pin To Net: NetName=NetJ1_2 Pin=R1-1
Added Pin To Net: NetName=NetJ1_2 Pin=U1-6
Added Net: Name=NetJ1_2
Added Pin To Net: NetName=NetJ1_3 Pin=J1-3
Added Pin To Net: NetName=NetJ1_3 Pin=R1-2
Added Pin To Net: NetName=NetJ1_3 Pin=U1-7
Added Net: Name=NetJ1_3
Added Pin To Net: NetName=NetJ5_2 Pin=J5-2
Added Pin To Net: NetName=NetJ5_2 Pin=U2-1
Added Net: Name=NetJ5_2
Added Pin To Net: NetName=NetJ7_U_servo1_4 Pin=J7_U_servo1-4
Added Pin To Net: NetName=NetJ7_U_servo1_4 Pin=U6_U_servo1-3
Added Pin To Net: NetName=NetJ7_U_servo1_4 Pin=U6_U_servo1-5
Added Net: Name=NetJ7_U_servo1_4
Added Pin To Net: NetName=NetJ7_U_servo1_5 Pin=J7_U_servo1-5
Added Pin To Net: NetName=NetJ7_U_servo1_5 Pin=U6_U_servo1-2
Added Pin To Net: NetName=NetJ7_U_servo1_5 Pin=U6_U_servo1-4
Added Net: Name=NetJ7_U_servo1_5
Added Pin To Net: NetName=NetJ7_U_servo2_4 Pin=J7_U_servo2-4
Added Pin To Net: NetName=NetJ7_U_servo2_4 Pin=U6_U_servo2-3
Added Pin To Net: NetName=NetJ7_U_servo2_4 Pin=U6_U_servo2-5
Added Net: Name=NetJ7_U_servo2_4
Added Pin To Net: NetName=NetJ7_U_servo2_5 Pin=J7_U_servo2-5
Added Pin To Net: NetName=NetJ7_U_servo2_5 Pin=U6_U_servo2-2
Added Pin To Net: NetName=NetJ7_U_servo2_5 Pin=U6_U_servo2-4
Added Net: Name=NetJ7_U_servo2_5
Added Pin To Net: NetName=NetJ7_U_servo3_4 Pin=J7_U_servo3-4
Added Pin To Net: NetName=NetJ7_U_servo3_4 Pin=U6_U_servo3-3
Added Pin To Net: NetName=NetJ7_U_servo3_4 Pin=U6_U_servo3-5
Added Net: Name=NetJ7_U_servo3_4
Added Pin To Net: NetName=NetJ7_U_servo3_5 Pin=J7_U_servo3-5
Added Pin To Net: NetName=NetJ7_U_servo3_5 Pin=U6_U_servo3-2
Added Pin To Net: NetName=NetJ7_U_servo3_5 Pin=U6_U_servo3-4
Added Net: Name=NetJ7_U_servo3_5
Added Member To Class: ClassName=U_can Member=Component C1 Cap_0603
Added Member To Class: ClassName=U_can Member=Component C2 Cap_0603
Added Member To Class: ClassName=U_power Member=Component C3 Cap_0603
Added Member To Class: ClassName=U_power Member=Component C4 Cap_0603
Added Member To Class: ClassName=U_power Member=Component C5 Cap_0603
Added Member To Class: ClassName=U_power Member=Component C6 Cap_0603
Added Member To Class: ClassName=U_power Member=Component C7 Cap_0603
Added Member To Class: ClassName=U_power Member=Component C8 Cap_0603
Added Member To Class: ClassName=U_power Member=Component C9 Cap_0805
Added Member To Class: ClassName=U_power Member=Component C10 Cap_0603
Added Member To Class: ClassName=U_power Member=Component C11 Cap_0603
Added Member To Class: ClassName=U_power Member=Component C12 Cap_0603
Added Member To Class: ClassName=U_power Member=Component C13 Cap_0603
Added Member To Class: ClassName=U_power Member=Component C14 Cap_0603
Added Member To Class: ClassName=U_power Member=Component C15 Cap_0603
Added Member To Class: ClassName=U_power Member=Component C16 Cap_0805
Added Member To Class: ClassName=U_power Member=Component C17 Cap_0603
Added Member To Class: ClassName=U_servo1 Member=Component C18_U_servo1 (C18) Cap_0603
Added Member To Class: ClassName=U_servo2 Member=Component C18_U_servo2 (C18) Cap_0603
Added Member To Class: ClassName=U_servo3 Member=Component C18_U_servo3 (C18) Cap_0603
Added Member To Class: ClassName=U_servo1 Member=Component C19_U_servo1 (C19) Cap_0603
Added Member To Class: ClassName=U_servo2 Member=Component C19_U_servo2 (C19) Cap_0603
Added Member To Class: ClassName=U_servo3 Member=Component C19_U_servo3 (C19) Cap_0603
Added Member To Class: ClassName=U_servo1 Member=Component C20_U_servo1 (C20) Cap_0603
Added Member To Class: ClassName=U_servo2 Member=Component C20_U_servo2 (C20) Cap_0603
Added Member To Class: ClassName=U_servo3 Member=Component C20_U_servo3 (C20) Cap_0603
Added Member To Class: ClassName=U_servo1 Member=Component C21_U_servo1 (C21) Cap_0603
Added Member To Class: ClassName=U_servo2 Member=Component C21_U_servo2 (C21) Cap_0603
Added Member To Class: ClassName=U_servo3 Member=Component C21_U_servo3 (C21) Cap_0603
Added Member To Class: ClassName=U_servo1 Member=Component C22_U_servo1 (C22) 47uF
Added Member To Class: ClassName=U_servo2 Member=Component C22_U_servo2 (C22) 47uF
Added Member To Class: ClassName=U_servo3 Member=Component C22_U_servo3 (C22) 47uF
Added Member To Class: ClassName=U_servo1 Member=Component C23_U_servo1 (C23) 47uF
Added Member To Class: ClassName=U_servo2 Member=Component C23_U_servo2 (C23) 47uF
Added Member To Class: ClassName=U_servo3 Member=Component C23_U_servo3 (C23) 47uF
Added Member To Class: ClassName=U_servo1 Member=Component C24_U_servo1 (C24) Cap_0603
Added Member To Class: ClassName=U_servo2 Member=Component C24_U_servo2 (C24) Cap_0603
Added Member To Class: ClassName=U_servo3 Member=Component C24_U_servo3 (C24) Cap_0603
Added Member To Class: ClassName=U_servo1 Member=Component C25_U_servo1 (C25) Cap_0603
Added Member To Class: ClassName=U_servo2 Member=Component C25_U_servo2 (C25) Cap_0603
Added Member To Class: ClassName=U_servo3 Member=Component C25_U_servo3 (C25) Cap_0603
Added Member To Class: ClassName=U_servo1 Member=Component C26_U_servo1 (C26) Cap_0603
Added Member To Class: ClassName=U_servo2 Member=Component C26_U_servo2 (C26) Cap_0603
Added Member To Class: ClassName=U_servo3 Member=Component C26_U_servo3 (C26) Cap_0603
Added Member To Class: ClassName=U_ui Member=Component C27 Cap_0603
Added Member To Class: ClassName=U_ui Member=Component C28 Cap_0603
Added Member To Class: ClassName=U_ui Member=Component C29 Cap_0603
Added Member To Class: ClassName=U_ui Member=Component C30 Cap_0603
Added Member To Class: ClassName=U_ui Member=Component C31 Cap_0603
Added Member To Class: ClassName=U_ui Member=Component C32 Cap_0603
Added Member To Class: ClassName=U_ui Member=Component C33 Cap_0603
Added Member To Class: ClassName=U_ui Member=Component C34 Cap_0603
Added Member To Class: ClassName=U_ui Member=Component C35 Cap_0603
Added Member To Class: ClassName=U_ui Member=Component C36 Cap_0603
Added Member To Class: ClassName=U_ui Member=Component C37 Cap_0603
Added Member To Class: ClassName=U_external_ps_en1 Member=Component D1_U_external_ps_en1 (D1) 3.3V
Added Member To Class: ClassName=U_external_ps_en2 Member=Component D1_U_external_ps_en2 (D1) 3.3V
Added Member To Class: ClassName=U_power Member=Component D2 18V
Added Member To Class: ClassName=U_power Member=Component D3 18V
Added Member To Class: ClassName=U_relay1 Member=Component D4_U_relay1 (D4) Diode_SOD523
Added Member To Class: ClassName=U_relay2 Member=Component D4_U_relay2 (D4) Diode_SOD523
Added Member To Class: ClassName=U_relay3 Member=Component D4_U_relay3 (D4) Diode_SOD523
Added Member To Class: ClassName=U_relay4 Member=Component D4_U_relay4 (D4) Diode_SOD523
Added Member To Class: ClassName=U_relay5 Member=Component D4_U_relay5 (D4) Diode_SOD523
Added Member To Class: ClassName=U_relay6 Member=Component D4_U_relay6 (D4) Diode_SOD523
Added Member To Class: ClassName=U_relay7 Member=Component D4_U_relay7 (D4) Diode_SOD523
Added Member To Class: ClassName=teensy Member=Component D5 Diode_SOD523
Added Member To Class: ClassName=U_ui Member=Component D6 Diode_SOD523
Added Member To Class: ClassName=U_power Member=Component F1 Fuse 1
Added Member To Class: ClassName=U_can Member=Component J1 691321100003
Added Member To Class: ClassName=U_external_ps_en1 Member=Component J2_U_external_ps_en1 (J2) 691321100002
Added Member To Class: ClassName=U_external_ps_en2 Member=Component J2_U_external_ps_en2 (J2) 691321100002
Added Member To Class: ClassName=U_power Member=Component J3 691321100002
Added Member To Class: ClassName=U_power Member=Component J4 691321100002
Added Member To Class: ClassName=U_power Member=Component J5 691321100002
Added Member To Class: ClassName=U_relay1 Member=Component J6_U_relay1 (J6) 691321100002
Added Member To Class: ClassName=U_relay2 Member=Component J6_U_relay2 (J6) 691321100002
Added Member To Class: ClassName=U_relay3 Member=Component J6_U_relay3 (J6) 691321100002
Added Member To Class: ClassName=U_relay4 Member=Component J6_U_relay4 (J6) 691321100002
Added Member To Class: ClassName=U_relay5 Member=Component J6_U_relay5 (J6) 691321100002
Added Member To Class: ClassName=U_relay6 Member=Component J6_U_relay6 (J6) 691321100002
Added Member To Class: ClassName=U_relay7 Member=Component J6_U_relay7 (J6) 691321100002
Added Member To Class: ClassName=U_servo1 Member=Component J7_U_servo1 (J7) 691321100005
Added Member To Class: ClassName=U_servo2 Member=Component J7_U_servo2 (J7) 691321100005
Added Member To Class: ClassName=U_servo3 Member=Component J7_U_servo3 (J7) 691321100005
Added Member To Class: ClassName=U_ui Member=Component J8 691321100002
Added Member To Class: ClassName=U_power Member=Component L1 Ind_0603
Added Member To Class: ClassName=U_power Member=Component NT1 Net tie 3
Added Member To Class: ClassName=U_ui Member=Component P1 128*96 OLED
Added Member To Class: ClassName=U_power Member=Component Q1 INFINEON DUAL MOSFET P-CH SO-8
Added Member To Class: ClassName=U_power Member=Component Q2 INFINEON DUAL MOSFET P-CH SO-8
Added Member To Class: ClassName=U_relay1 Member=Component Q3_U_relay1 (Q3) INFINEON MOSFET N-CH SOT-23-3
Added Member To Class: ClassName=U_relay2 Member=Component Q3_U_relay2 (Q3) INFINEON MOSFET N-CH SOT-23-3
Added Member To Class: ClassName=U_relay3 Member=Component Q3_U_relay3 (Q3) INFINEON MOSFET N-CH SOT-23-3
Added Member To Class: ClassName=U_relay4 Member=Component Q3_U_relay4 (Q3) INFINEON MOSFET N-CH SOT-23-3
Added Member To Class: ClassName=U_relay5 Member=Component Q3_U_relay5 (Q3) INFINEON MOSFET N-CH SOT-23-3
Added Member To Class: ClassName=U_relay6 Member=Component Q3_U_relay6 (Q3) INFINEON MOSFET N-CH SOT-23-3
Added Member To Class: ClassName=U_relay7 Member=Component Q3_U_relay7 (Q3) INFINEON MOSFET N-CH SOT-23-3
Added Member To Class: ClassName=U_ui Member=Component Q4 MOSFET N-CH
Added Member To Class: ClassName=U_can Member=Component R1 Res_0603
Added Member To Class: ClassName=U_power Member=Component R2 Res_0603
Added Member To Class: ClassName=U_power Member=Component R3 Res_0603
Added Member To Class: ClassName=U_power Member=Component R4 Res_0603
Added Member To Class: ClassName=U_power Member=Component R5 Res_0603
Added Member To Class: ClassName=U_power Member=Component R6 Res_0603
Added Member To Class: ClassName=U_power Member=Component R7 Res_0603
Added Member To Class: ClassName=U_power Member=Component R8 Res_0603
Added Member To Class: ClassName=U_power Member=Component R9 Res_0603
Added Member To Class: ClassName=U_power Member=Component R10 Res_0603
Added Member To Class: ClassName=U_power Member=Component R11 Res_0603
Added Member To Class: ClassName=U_power Member=Component R12 Res_0603
Added Member To Class: ClassName=U_power Member=Component R13 Res_0603
Added Member To Class: ClassName=U_power Member=Component R14 Res_0603
Added Member To Class: ClassName=U_power Member=Component R15 Res_0603
Added Member To Class: ClassName=U_power Member=Component R16 Res_0603
Added Member To Class: ClassName=U_power Member=Component R17 Res_0603
Added Member To Class: ClassName=U_power Member=Component R18 Res_0603
Added Member To Class: ClassName=U_relay1 Member=Component R19_U_relay1 (R19) Res_0603
Added Member To Class: ClassName=U_relay2 Member=Component R19_U_relay2 (R19) Res_0603
Added Member To Class: ClassName=U_relay3 Member=Component R19_U_relay3 (R19) Res_0603
Added Member To Class: ClassName=U_relay4 Member=Component R19_U_relay4 (R19) Res_0603
Added Member To Class: ClassName=U_relay5 Member=Component R19_U_relay5 (R19) Res_0603
Added Member To Class: ClassName=U_relay6 Member=Component R19_U_relay6 (R19) Res_0603
Added Member To Class: ClassName=U_relay7 Member=Component R19_U_relay7 (R19) Res_0603
Added Member To Class: ClassName=U_ui Member=Component R20 Res_0603
Added Member To Class: ClassName=U_ui Member=Component R21 Res_0603
Added Member To Class: ClassName=U_ui Member=Component R22 Res_0603
Added Member To Class: ClassName=U_ui Member=Component R23 Res_0603
Added Member To Class: ClassName=U_ui Member=Component R24 Res_0603
Added Member To Class: ClassName=U_ui Member=Component R25 Res_0603
Added Member To Class: ClassName=U_ui Member=Component R26 Res_0603
Added Member To Class: ClassName=U_ui Member=Component R27 Res_0603
Added Member To Class: ClassName=U_ui Member=Component R28 Res_0603
Added Member To Class: ClassName=U_ui Member=Component S1 UB2 Switch
Added Member To Class: ClassName=U_ui Member=Component S2 UB2 Switch
Added Member To Class: ClassName=U_ui Member=Component S3 UB2 Switch
Added Member To Class: ClassName=U_ui Member=Component S4 UB2 Switch
Added Member To Class: ClassName=U_ui Member=Component S5 UB2 Switch
Added Member To Class: ClassName=U_ui Member=Component S6 UB2 Switch
Added Member To Class: ClassName=teensy Member=Component Teensy1 Footprint for Teensy 3.1 board using all pads and all through-holes. Pads need a 2x7 0.1" SMD header.
Added Member To Class: ClassName=U_can Member=Component U1 TCAN1051HGV CAN transceiver
Added Member To Class: ClassName=U_power Member=Component U2 LTC4417HGN#TRPBF
Added Member To Class: ClassName=U_power Member=Component U3 LMZ21701SIL
Added Member To Class: ClassName=U_power Member=Component U4 LMZ12010TZE/NOPB
Added Member To Class: ClassName=U_servo1 Member=Component U6_U_servo1 (U6) DRV8835_DSS_12
Added Member To Class: ClassName=U_servo2 Member=Component U6_U_servo2 (U6) DRV8835_DSS_12
Added Member To Class: ClassName=U_servo3 Member=Component U6_U_servo3 (U6) DRV8835_DSS_12
Added Member To Class: ClassName=U_ui Member=Component U7 TLC5926QPWPRQ1
Added Member To Class: ClassName=U_ui Member=Component U8 Passive buzzer
Added Room: Name=U_external_ps_en1
Added Room: Name=U_external_ps_en2
Added Room: Name=U_relay1
Added Room: Name=U_relay2
Added Room: Name=U_relay3
Added Room: Name=U_relay4
Added Room: Name=U_relay5
Added Room: Name=U_relay6
Added Room: Name=U_relay7
Added Room: Name=U_servo1
Added Room: Name=U_servo2
Added Room: Name=U_servo3
