Removed Pin From Net: NetName=GND Pin=C27-1
Removed Pin From Net: NetName=button1 Pin=C27-2
Removed Pin From Net: NetName=GND Pin=C28-1
Removed Pin From Net: NetName=button2 Pin=C28-2
Removed Pin From Net: NetName=GND Pin=C29-1
Removed Pin From Net: NetName=button3 Pin=C29-2
Removed Pin From Net: NetName=GND Pin=C30-1
Removed Pin From Net: NetName=button4 Pin=C30-2
Removed Pin From Net: NetName=GND Pin=C31-1
Removed Pin From Net: NetName=button5 Pin=C31-2
Removed Pin From Net: NetName=GND Pin=C32-1
Removed Pin From Net: NetName=button6 Pin=C32-2
Removed Pin From Net: NetName=GND Pin=C33-1
Removed Pin From Net: NetName=VCC_5 Pin=C33-2
Removed Pin From Net: NetName=GND Pin=C34-1
Removed Pin From Net: NetName=VCC_5 Pin=C34-2
Removed Pin From Net: NetName=GND Pin=C35-1
Removed Pin From Net: NetName=VCC_5 Pin=C35-2
Removed Pin From Net: NetName=GND Pin=C36-1
Removed Pin From Net: NetName=VCC_5 Pin=C36-2
Removed Pin From Net: NetName=GND Pin=C37-1
Removed Pin From Net: NetName=ext_ap_disc Pin=C37-2
Removed Pin From Net: NetName=VCC_5 Pin=D6-2
Removed Pin From Net: NetName=VCC_5 Pin=D7-A
Removed Pin From Net: NetName=VCC_5 Pin=D8-A
Removed Pin From Net: NetName=VCC_5 Pin=D9-A
Removed Pin From Net: NetName=VCC_5 Pin=D10-A
Removed Pin From Net: NetName=mosi Pin=P1-1
Removed Pin From Net: NetName=sck Pin=P1-2
Removed Pin From Net: NetName=oled_dc Pin=P1-3
Removed Pin From Net: NetName=oled_rst Pin=P1-4
Removed Pin From Net: NetName=oled_cs Pin=P1-5
Removed Pin From Net: NetName=VCC_3.3 Pin=P1-6
Removed Pin From Net: NetName=GND Pin=P1-8
Removed Pin From Net: NetName=buzzer Pin=Q4-1
Removed Pin From Net: NetName=NetD6_1 Pin=Q4-2
Removed Pin From Net: NetName=GND Pin=Q4-3
Removed Pin From Net: NetName=button1 Pin=R20-1
Removed Pin From Net: NetName=VCC_3.3 Pin=R20-2
Removed Pin From Net: NetName=button2 Pin=R21-1
Removed Pin From Net: NetName=VCC_3.3 Pin=R21-2
Removed Pin From Net: NetName=button3 Pin=R22-1
Removed Pin From Net: NetName=VCC_3.3 Pin=R22-2
Removed Pin From Net: NetName=button4 Pin=R23-1
Removed Pin From Net: NetName=VCC_3.3 Pin=R23-2
Removed Pin From Net: NetName=button5 Pin=R24-1
Removed Pin From Net: NetName=VCC_3.3 Pin=R24-2
Removed Pin From Net: NetName=button6 Pin=R25-1
Removed Pin From Net: NetName=VCC_3.3 Pin=R25-2
Removed Pin From Net: NetName=GND Pin=R26-2
Removed Pin From Net: NetName=GND Pin=R28-1
Removed Pin From Net: NetName=buzzer Pin=R28-2
Removed Pin From Net: NetName=GND Pin=S1-1
Removed Pin From Net: NetName=button1 Pin=S1-2
Removed Pin From Net: NetName=VCC_5 Pin=S1-4
Removed Pin From Net: NetName=GND Pin=S2-1
Removed Pin From Net: NetName=button2 Pin=S2-2
Removed Pin From Net: NetName=VCC_5 Pin=S2-4
Removed Pin From Net: NetName=GND Pin=S3-1
Removed Pin From Net: NetName=button3 Pin=S3-2
Removed Pin From Net: NetName=VCC_5 Pin=S3-4
Removed Pin From Net: NetName=GND Pin=S4-1
Removed Pin From Net: NetName=button4 Pin=S4-2
Removed Pin From Net: NetName=VCC_5 Pin=S4-4
Removed Pin From Net: NetName=GND Pin=S5-1
Removed Pin From Net: NetName=button5 Pin=S5-2
Removed Pin From Net: NetName=VCC_5 Pin=S5-4
Removed Pin From Net: NetName=GND Pin=S6-1
Removed Pin From Net: NetName=button6 Pin=S6-2
Removed Pin From Net: NetName=VCC_5 Pin=S6-4
Removed Pin From Net: NetName=sck Pin=Teensy1-14/A0
Removed Pin From Net: NetName=oled_cs Pin=Teensy1-15/A1
Removed Pin From Net: NetName=oled_rst Pin=Teensy1-16/A2
Removed Pin From Net: NetName=buzzer Pin=Teensy1-25
Removed Pin From Net: NetName=ext_ps_en1 Pin=Teensy1-26
Removed Pin From Net: NetName=ext_ps_en2 Pin=Teensy1-27
Removed Pin From Net: NetName=clutch_servo_en Pin=Teensy1-28
Removed Pin From Net: NetName=vs_backup Pin=Teensy1-29
Removed Pin From Net: NetName=vs_aircraft Pin=Teensy1-30
Removed Pin From Net: NetName=GND Pin=U7-1
Removed Pin From Net: NetName=mosi Pin=U7-2
Removed Pin From Net: NetName=sck Pin=U7-3
Removed Pin From Net: NetName=led_driver_le Pin=U7-4
Removed Pin From Net: NetName=GND Pin=U7-21
Removed Pin From Net: NetName=VCC_5 Pin=U7-24
Removed Pin From Net: NetName=GND Pin=U7-25
Removed Pin From Net: NetName=NetD6_1 Pin=U8-2
Removed Member From Class: ClassName=U_ui Member=C27
Removed Member From Class: ClassName=U_ui Member=C28
Removed Member From Class: ClassName=U_ui Member=C29
Removed Member From Class: ClassName=U_ui Member=C30
Removed Member From Class: ClassName=U_ui Member=C31
Removed Member From Class: ClassName=U_ui Member=C32
Removed Member From Class: ClassName=U_ui Member=C33
Removed Member From Class: ClassName=U_ui Member=C34
Removed Member From Class: ClassName=U_ui Member=C35
Removed Member From Class: ClassName=U_ui Member=C36
Removed Member From Class: ClassName=U_ui Member=D6
Removed Member From Class: ClassName=U_ui Member=D7
Removed Member From Class: ClassName=U_ui Member=D8
Removed Member From Class: ClassName=U_ui Member=D9
Removed Member From Class: ClassName=U_ui Member=D10
Removed Member From Class: ClassName=U_ui Member=P1
Removed Member From Class: ClassName=U_ui Member=Q4
Removed Member From Class: ClassName=U_ui Member=R20
Removed Member From Class: ClassName=U_ui Member=R21
Removed Member From Class: ClassName=U_ui Member=R22
Removed Member From Class: ClassName=U_ui Member=R23
Removed Member From Class: ClassName=U_ui Member=R24
Removed Member From Class: ClassName=U_ui Member=R25
Removed Member From Class: ClassName=U_ui Member=R26
Removed Member From Class: ClassName=U_ui Member=S1
Removed Member From Class: ClassName=U_ui Member=S2
Removed Member From Class: ClassName=U_ui Member=S3
Removed Member From Class: ClassName=U_ui Member=S4
Removed Member From Class: ClassName=U_ui Member=S5
Removed Member From Class: ClassName=U_ui Member=S6
Removed Member From Class: ClassName=U_ui Member=U7
Change Component Footprint: Designator=P1 Old Footprint=Adafruit OLED 1.3 New Footprint=HDR1X12
Change Component Footprint: Designator=U8 Old Footprint=CMT-8540S-SMT New Footprint=TI-DGN8-1760X1425TP_N
Change Component Footprint: Designator=D6 Old Footprint=SOD123F New Footprint=LED_0603_GREEN
Change Component Comment : Designator=P1 Old Comment=128*96 OLED New Comment=Header 12
Change Component Comment : Designator=D6 Old Comment=Diode_SOD523 New Comment=LED_0603
Change Component Comment : Designator=U8 Old Comment=Passive buzzer New Comment=TPA6211A1TDGNRQ1
Change component parameters. Clean all parameters for all variants
Change component parameters. Clean all parameters for all variants
Change component parameters (AddParameter): Name = "Value"; Value = "10K"; VariantName = "[No Variations]"
Change component parameters. Clean all parameters for all variants
Change component parameters (AddParameter): Name = "LatestRevisionDate"; Value = "17-Jul-2002"; VariantName = "[No Variations]"
Change component parameters (AddParameter): Name = "LatestRevisionNote"; Value = "Re-released for DXP Platform."; VariantName = "[No Variations]"
Change component parameters (AddParameter): Name = "Publisher"; Value = "Altium Limited"; VariantName = "[No Variations]"
Change component parameters. Clean all parameters for all variants
Change component parameters (AddParameter): Name = "Code_JEDEC"; Value = "MO-187"; VariantName = "[No Variations]"
Change component parameters (AddParameter): Name = "ComponentLink1Description"; Value = "Manufacturer URL"; VariantName = "[No Variations]"
Change component parameters (AddParameter): Name = "ComponentLink1URL"; Value = "http://www.ti.com/"; VariantName = "[No Variations]"
Change component parameters (AddParameter): Name = "ComponentLink2Description"; Value = "Datasheet"; VariantName = "[No Variations]"
Change component parameters (AddParameter): Name = "ComponentLink2URL"; Value = "http://www.ti.com/general/docs/lit/getliterature.tsp?genericPartNumber=TPA6211A1-Q1&fileType=pdf"; VariantName = "[No Variations]"
Change component parameters (AddParameter): Name = "ComponentLink3Description"; Value = "Package Specification"; VariantName = "[No Variations]"
Change component parameters (AddParameter): Name = "ComponentLink3URL"; Value = "http://www.ti.com/litv/pdf/mpds046e"; VariantName = "[No Variations]"
Change component parameters (AddParameter): Name = "DatasheetVersion"; Value = "SBOS555"; VariantName = "[No Variations]"
Change component parameters (AddParameter): Name = "Eco-Plan"; Value = "Green (RoHS & no Sb/Br)"; VariantName = "[No Variations]"
Change component parameters (AddParameter): Name = "Manufacturer"; Value = "Texas Instruments"; VariantName = "[No Variations]"
Change component parameters (AddParameter): Name = "Mounting Technology"; Value = "Surface Mount"; VariantName = "[No Variations]"
Change component parameters (AddParameter): Name = "Output Power(W)"; Value = "2.45"; VariantName = "[No Variations]"
Change component parameters (AddParameter): Name = "PackageDescription"; Value = "8-Pin Plastic Small Outline, Body 3 x 3 mm, Pitch 0.65 mm"; VariantName = "[No Variations]"
Change component parameters (AddParameter): Name = "PackageReference"; Value = "DGN8-1760X1425TP"; VariantName = "[No Variations]"
Change component parameters (AddParameter): Name = "PackageVersion"; Value = "4073271/F, 05/2011"; VariantName = "[No Variations]"
Change component parameters (AddParameter): Name = "PartNumber"; Value = "TPA6211A1TDGNRQ1"; VariantName = "[No Variations]"
Change component parameters (AddParameter): Name = "PSRR(dB)"; Value = "-85"; VariantName = "[No Variations]"
Change component parameters (AddParameter): Name = "Speaker Amp Type"; Value = "Class-AB"; VariantName = "[No Variations]"
Change component parameters (AddParameter): Name = "Speaker Channels"; Value = "Mono"; VariantName = "[No Variations]"
Change component parameters (AddParameter): Name = "SubFamily"; Value = "Dynamic Speaker"; VariantName = "[No Variations]"
Change component parameters (AddParameter): Name = "Supplier 1"; Value = "Digi-Key"; VariantName = "[No Variations]"
Change component parameters (AddParameter): Name = "Supplier 2"; Value = "Digi-Key"; VariantName = "[No Variations]"
Change component parameters (AddParameter): Name = "Supplier 3"; Value = "Digi-Key"; VariantName = "[No Variations]"
Change component parameters (AddParameter): Name = "Supplier 4"; Value = "Mouser"; VariantName = "[No Variations]"
Change component parameters (AddParameter): Name = "Supplier Part Number 1"; Value = "296-29059-2-ND"; VariantName = "[No Variations]"
Change component parameters (AddParameter): Name = "Supplier Part Number 2"; Value = "296-29059-1-ND"; VariantName = "[No Variations]"
Change component parameters (AddParameter): Name = "Supplier Part Number 3"; Value = "296-29059-6-ND"; VariantName = "[No Variations]"
Change component parameters (AddParameter): Name = "Supplier Part Number 4"; Value = "595-TPA6211A1TDGNRQ1"; VariantName = "[No Variations]"
Change component parameters (AddParameter): Name = "Supply Max(Max)(Volt)"; Value = "5.5"; VariantName = "[No Variations]"
Change component parameters (AddParameter): Name = "Supply Min(Min)(Volt)"; Value = "2.5"; VariantName = "[No Variations]"
Added Component: Designator=C20(CAP_0603)
Add component. Clean all parameters for all variants
Add component (AddParameter): Name = "Value"; Value = "104"; VariantName = "[No Variations]"
Added Component: Designator=C21(CAP_0603)
Add component. Clean all parameters for all variants
Add component (AddParameter): Name = "Value"; Value = "1uf"; VariantName = "[No Variations]"
Added Component: Designator=C23(CAP_0603)
Add component. Clean all parameters for all variants
Add component (AddParameter): Name = "Value"; Value = "1uf"; VariantName = "[No Variations]"
Added Component: Designator=C38(CAP_0603)
Add component. Clean all parameters for all variants
Add component (AddParameter): Name = "Value"; Value = "104"; VariantName = "[No Variations]"
Added Component: Designator=C39(CAP_0603)
Add component. Clean all parameters for all variants
Add component (AddParameter): Name = "Value"; Value = "104"; VariantName = "[No Variations]"
Added Component: Designator=D11(LED_0603_GREEN)
Add component. Clean all parameters for all variants
Added Component: Designator=P3(HDR1X7)
Add component. Clean all parameters for all variants
Add component (AddParameter): Name = "LatestRevisionDate"; Value = "17-Jul-2002"; VariantName = "[No Variations]"
Add component (AddParameter): Name = "LatestRevisionNote"; Value = "Re-released for DXP Platform."; VariantName = "[No Variations]"
Add component (AddParameter): Name = "Publisher"; Value = "Altium Limited"; VariantName = "[No Variations]"
Added Component: Designator=R29(RES_0603)
Add component. Clean all parameters for all variants
Add component (AddParameter): Name = "Value"; Value = "10K"; VariantName = "[No Variations]"
Added Component: Designator=R30(RES_0603)
Add component. Clean all parameters for all variants
Add component (AddParameter): Name = "Value"; Value = "?K"; VariantName = "[No Variations]"
Added Component: Designator=R31(RES_0603)
Add component. Clean all parameters for all variants
Add component (AddParameter): Name = "Value"; Value = "?K"; VariantName = "[No Variations]"
Added Component: Designator=U9(HDR1X2)
Add component. Clean all parameters for all variants
Added Pin To Net: NetName=GND Pin=C20-1
Added Pin To Net: NetName=ext_ap_disc Pin=C20-2
Added Pin To Net: NetName=buzzer Pin=C21-1
Added Pin To Net: NetName=GND Pin=C23-1
Added Pin To Net: NetName=GND Pin=C37-2
Added Pin To Net: NetName=VCC_5 Pin=C38-1
Added Pin To Net: NetName=GND Pin=C38-2
Added Pin To Net: NetName=VCC_5 Pin=C39-1
Added Pin To Net: NetName=GND Pin=C39-2
Added Pin To Net: NetName=GND Pin=P1-1
Added Pin To Net: NetName=VCC_3.3 Pin=P1-2
Added Pin To Net: NetName=VCC_5 Pin=P1-3
Added Pin To Net: NetName=led_driver_le Pin=P1-4
Added Pin To Net: NetName=sck Pin=P1-5
Added Pin To Net: NetName=mosi Pin=P1-6
Added Pin To Net: NetName=button1 Pin=P1-7
Added Pin To Net: NetName=button2 Pin=P1-8
Added Pin To Net: NetName=button3 Pin=P1-9
Added Pin To Net: NetName=button4 Pin=P1-10
Added Pin To Net: NetName=button5 Pin=P1-11
Added Pin To Net: NetName=button6 Pin=P1-12
Added Pin To Net: NetName=GND Pin=P3-1
Added Pin To Net: NetName=VCC_3.3 Pin=P3-2
Added Pin To Net: NetName=sck Pin=P3-3
Added Pin To Net: NetName=mosi Pin=P3-4
Added Pin To Net: NetName=oled_rst Pin=P3-5
Added Pin To Net: NetName=oled_dc Pin=P3-6
Added Pin To Net: NetName=oled_cs Pin=P3-7
Added Pin To Net: NetName=VCC_PP Pin=R30-1
Added Pin To Net: NetName=NetD6_1 Pin=R30-2
Added Pin To Net: NetName=VCC_PP Pin=R31-1
Added Pin To Net: NetName=sck Pin=Teensy1-13
Added Pin To Net: NetName=oled_rst Pin=Teensy1-14/A0
Added Pin To Net: NetName=clutch_servo_en Pin=Teensy1-15/A1
Added Pin To Net: NetName=oled_cs Pin=Teensy1-16/A2
Added Pin To Net: NetName=button1 Pin=Teensy1-24
Added Pin To Net: NetName=button2 Pin=Teensy1-25
Added Pin To Net: NetName=button3 Pin=Teensy1-26
Added Pin To Net: NetName=button4 Pin=Teensy1-27
Added Pin To Net: NetName=ext_ps_en1 Pin=Teensy1-28
Added Pin To Net: NetName=ext_ps_en2 Pin=Teensy1-29
Added Pin To Net: NetName=vs_backup Pin=Teensy1-30
Added Pin To Net: NetName=vs_aircraft Pin=Teensy1-31
Added Pin To Net: NetName=button5 Pin=Teensy1-32
Added Pin To Net: NetName=button6 Pin=Teensy1-33
Added Pin To Net: NetName=buzzer Pin=Teensy1-A14
Added Pin To Net: NetName=VCC_5 Pin=U8-6
Added Pin To Net: NetName=GND Pin=U8-7
Added Pin To Net: NetName=GND Pin=U8-9
Added Pin To Net: NetName=NetC21_2 Pin=C21-2
Added Pin To Net: NetName=NetC21_2 Pin=R28-1
Added Net: Name=NetC21_2
Added Pin To Net: NetName=NetC23_2 Pin=C23-2
Added Pin To Net: NetName=NetC23_2 Pin=R29-1
Added Net: Name=NetC23_2
Added Pin To Net: NetName=NetC37_1 Pin=C37-1
Added Pin To Net: NetName=NetC37_1 Pin=U8-2
Added Net: Name=NetC37_1
Added Pin To Net: NetName=NetD6_2 Pin=D6-2
Added Pin To Net: NetName=NetD6_2 Pin=U2-10
Added Net: Name=NetD6_2
Added Pin To Net: NetName=NetD11_1 Pin=D11-1
Added Pin To Net: NetName=NetD11_1 Pin=R31-2
Added Net: Name=NetD11_1
Added Pin To Net: NetName=NetD11_2 Pin=D11-2
Added Pin To Net: NetName=NetD11_2 Pin=U2-11
Added Net: Name=NetD11_2
Added Pin To Net: NetName=NetR28_2 Pin=R28-2
Added Pin To Net: NetName=NetR28_2 Pin=U8-4
Added Net: Name=NetR28_2
Added Pin To Net: NetName=NetR29_2 Pin=R29-2
Added Pin To Net: NetName=NetR29_2 Pin=U8-3
Added Net: Name=NetR29_2
Added Pin To Net: NetName=NetU8_5 Pin=U8-5
Added Pin To Net: NetName=NetU8_5 Pin=U9-1
Added Net: Name=NetU8_5
Added Pin To Net: NetName=NetU8_8 Pin=U8-8
Added Pin To Net: NetName=NetU8_8 Pin=U9-2
Added Net: Name=NetU8_8
Change Class Name : Old Net Name=U_ui New Net Name=U_ui_main_board
Added Member To Class: ClassName=U_ui_main_board Member=Component C20 Cap_0603
Added Member To Class: ClassName=U_ui_main_board Member=Component C21 Cap_0603
Added Member To Class: ClassName=U_ui_main_board Member=Component C23 Cap_0603
Added Member To Class: ClassName=U_ui_main_board Member=Component C38 Cap_0603
Added Member To Class: ClassName=U_ui_main_board Member=Component C39 Cap_0603
Added Member To Class: ClassName=U_power Member=Component D6 LED_0603
Added Member To Class: ClassName=U_power Member=Component D11 LED_0603
Added Member To Class: ClassName=teensy Member=Component P1 Header 12
Added Member To Class: ClassName=U_ui_main_board Member=Component P3 OLED
Added Member To Class: ClassName=U_ui_main_board Member=Component R29 Res_0603
Added Member To Class: ClassName=U_power Member=Component R30 Res_0603
Added Member To Class: ClassName=U_power Member=Component R31 Res_0603
Added Member To Class: ClassName=U_ui_main_board Member=Component U9 Passive Buzzer
Added Room: Name=teensy
Added Room: Name=U_can
Added Room: Name=U_power
Added Room: Name=U_ui_main_board
