Removed Pin From Net: NetName=ext_ps_en1 Pin=J2_U_external_ps_en1-1
Removed Pin From Net: NetName=GND Pin=J2_U_external_ps_en1-2
Removed Pin From Net: NetName=ext_ps_en2 Pin=J2_U_external_ps_en2-1
Removed Pin From Net: NetName=GND Pin=J2_U_external_ps_en2-2
Removed Member From Class: ClassName=U_external_ps_en1 Member=J2_U_external_ps_en1
Removed Member From Class: ClassName=U_external_ps_en2 Member=J2_U_external_ps_en2
Added Component: Designator=J?_U_external_ps_en1(691322110002)
Add component. Clean all parameters for all variants
Add component (AddParameter): Name = "ComponentLink1 Description"; Value = "Manufacturer"; VariantName = "[No Variations]"
Add component (AddParameter): Name = "ComponentLink1URL"; Value = "http://www.we-online.com"; VariantName = "[No Variations]"
Add component (AddParameter): Name = "ComponentLink2 Description"; Value = "Datasheet"; VariantName = "[No Variations]"
Add component (AddParameter): Name = "ComponentLink2URL"; Value = "http://katalog.we-online.de/em/datasheet/6913211000xx.pdf"; VariantName = "[No Variations]"
Add component (AddParameter): Name = "Created by"; Value = "Karrer Zheng"; VariantName = "[No Variations]"
Add component (AddParameter): Name = "Created Date"; Value = "9 December 2013"; VariantName = "[No Variations]"
Add component (AddParameter): Name = "Manufacturer"; Value = "Würth Elektronik eiSos GmbH"; VariantName = "[No Variations]"
Add component (AddParameter): Name = "NoPins"; Value = "2"; VariantName = "[No Variations]"
Add component (AddParameter): Name = "partNo"; Value = "691321100002"; VariantName = "[No Variations]"
Added Component: Designator=J?_U_external_ps_en2(691322110002)
Add component. Clean all parameters for all variants
Add component (AddParameter): Name = "ComponentLink1 Description"; Value = "Manufacturer"; VariantName = "[No Variations]"
Add component (AddParameter): Name = "ComponentLink1URL"; Value = "http://www.we-online.com"; VariantName = "[No Variations]"
Add component (AddParameter): Name = "ComponentLink2 Description"; Value = "Datasheet"; VariantName = "[No Variations]"
Add component (AddParameter): Name = "ComponentLink2URL"; Value = "http://katalog.we-online.de/em/datasheet/6913211000xx.pdf"; VariantName = "[No Variations]"
Add component (AddParameter): Name = "Created by"; Value = "Karrer Zheng"; VariantName = "[No Variations]"
Add component (AddParameter): Name = "Created Date"; Value = "9 December 2013"; VariantName = "[No Variations]"
Add component (AddParameter): Name = "Manufacturer"; Value = "Würth Elektronik eiSos GmbH"; VariantName = "[No Variations]"
Add component (AddParameter): Name = "NoPins"; Value = "2"; VariantName = "[No Variations]"
Add component (AddParameter): Name = "partNo"; Value = "691321100002"; VariantName = "[No Variations]"
Added Pin To Net: NetName=GND Pin=J?_U_external_ps_en1-1
Added Pin To Net: NetName=ext_ps_en1 Pin=J?_U_external_ps_en1-2
Added Pin To Net: NetName=GND Pin=J?_U_external_ps_en2-1
Added Pin To Net: NetName=ext_ps_en2 Pin=J?_U_external_ps_en2-2
Added Member To Class: ClassName=U_external_ps_en1 Member=Component J?_U_external_ps_en1 (J?) 691321100002
Added Member To Class: ClassName=U_external_ps_en2 Member=Component J?_U_external_ps_en2 (J?) 691321100002
