Removed Pin From Net: NetName=Vaircraft Pin=C3-2
Removed Pin From Net: NetName=Vaircraft Pin=D2-2
Removed Pin From Net: NetName=Vaircraft Pin=J3-2
Removed Pin From Net: NetName=Vaircraft Pin=Q1-7
Removed Pin From Net: NetName=Vaircraft Pin=Q1-8
Removed Pin From Net: NetName=Vaircraft Pin=R2-2
Removed Pin From Net: NetName=Vaircraft Pin=R9-2
Removed Pin From Net: NetName=Vaircraft Pin=U2-24
Added Component: Designator=JU1(jumper_56.5)
Add component. Clean all parameters for all variants
Add component (AddParameter): Name = "LatestRevisionDate"; Value = "17-Jul-2002"; VariantName = "[No Variations]"
Add component (AddParameter): Name = "LatestRevisionNote"; Value = "Re-released for DXP Platform."; VariantName = "[No Variations]"
Add component (AddParameter): Name = "PackageDescription"; Value = "Radial Cap, Thru-Hole; 2 Leads; 0.2 in Pin Spacing"; VariantName = "[No Variations]"
Add component (AddParameter): Name = "PackageReference"; Value = "RAD-0.2"; VariantName = "[No Variations]"
Add component (AddParameter): Name = "Published"; Value = "24-Mar-1999"; VariantName = "[No Variations]"
Add component (AddParameter): Name = "Publisher"; Value = "Altium Limited"; VariantName = "[No Variations]"
Added Pin To Net: NetName=Vaircraft Pin=JU1-2
Change Net Name : Old Net Name=Vaircraft New Net Name=Vaircraft_relay
Added Pin To Net: NetName=Vaircraft Pin=C3-2
Added Pin To Net: NetName=Vaircraft Pin=D2-2
Added Pin To Net: NetName=Vaircraft Pin=J3-2
Added Pin To Net: NetName=Vaircraft Pin=JU1-1
Added Pin To Net: NetName=Vaircraft Pin=Q1-7
Added Pin To Net: NetName=Vaircraft Pin=Q1-8
Added Pin To Net: NetName=Vaircraft Pin=R2-2
Added Pin To Net: NetName=Vaircraft Pin=R9-2
Added Pin To Net: NetName=Vaircraft Pin=U2-24
Added Net: Name=Vaircraft
Added Member To Class: ClassName=U_power Member=Component JU1 Jumper Link
